C51 COMPILER V9.01   MAIN                                                                  02/12/2023 22:14:22 PAGE 1   


C51 COMPILER V9.01, COMPILATION OF MODULE MAIN
OBJECT MODULE PLACED IN ..\output\main.obj
COMPILER INVOKED BY: E:\keil\keil\keil install\C51\BIN\C51.EXE ..\source\main.c BROWSE DEBUG OBJECTEXTEND PRINT(..\listi
                    -ng\main.lst) OBJECT(..\output\main.obj)

line level    source

   1          #include<reg51.h>
   2          #include"display.h"
   3          #include"Delay.h"
   4          
   5          void EX0_Init(void);
   6          void EX1_Init(void);
   7          void Dis_Service();
   8          unsigned int pramater = 0;
   9          void main()
  10          {
  11   1              EX0_Init();
  12   1              EX1_Init();
  13   1              EA = 1;//中断的总开关
  14   1              while(1)
  15   1              {
  16   2                      Dis_Service();
  17   2                      Display();      
  18   2              }
  19   1      }
  20          
  21          void Dis_Service()
  22          {
  23   1              LEDBuf[0] = pramater/1000;
  24   1              LEDBuf[1] = pramater/100%10;
  25   1              LEDBuf[2] = pramater/10%10;
  26   1              LEDBuf[3] = pramater%10;
  27   1      }
  28          
  29          void EX0_Init(void) //外部中断0初始化 
  30          {
  31   1              IT0 = 1; //下降沿触发 
  32   1              EX0 = 1;
  33   1      }
  34          void EX1_Init(void) 
  35          {
  36   1              IT1 = 1;
  37   1              EX1 = 1;
  38   1      }
  39          
  40          
  41          void EX0_ISR(void) interrupt 0 //外部中断1的中断服务函数
  42          {
  43   1              pramater++;
  44   1              if(pramater > 9999)
  45   1                      pramater = 0;
  46   1      }
  47          
  48          void EX1_ISR(void) interrupt 2 //外部中断1的中断服务函数
  49          {
  50   1              pramater--;
  51   1              if(pramater < 0)
  52   1                      pramater = 9999;
  53   1      } 

C51 COMPILER V9.01   MAIN                                                                  02/12/2023 22:14:22 PAGE 2   


MODULE INFORMATION:   STATIC OVERLAYABLE
   CODE SIZE        =    155    ----
   CONSTANT SIZE    =   ----    ----
   XDATA SIZE       =   ----    ----
   PDATA SIZE       =   ----    ----
   DATA SIZE        =      2    ----
   IDATA SIZE       =   ----    ----
   BIT SIZE         =   ----    ----
END OF MODULE INFORMATION.


C51 COMPILATION COMPLETE.  0 WARNING(S),  0 ERROR(S)
