C51 COMPILER V9.54   MAIN                                                                  03/06/2023 22:06:56 PAGE 1   


C51 COMPILER V9.54, COMPILATION OF MODULE MAIN
OBJECT MODULE PLACED IN .\Objects\main.obj
COMPILER INVOKED BY: E:\keil\keil5\keil5 install\C51\BIN\C51.EXE ..\source\main.c OPTIMIZE(8,SPEED) BROWSE DEBUG OBJECTE
                    -XTEND PRINT(.\Listings\main.lst) OBJECT(.\Objects\main.obj)

line level    source

   1          #include <reg51.h>
   2          #include "uart.h"
   3          
   4          sbit LED = P1^0;
   5          void uart_service(unsigned char *buf);
   6          void Timer0_Init(void);
   7          void main()
   8          {
   9   1          UartInit();
  10   1          Timer0_Init();
  11   1          EA = 1;
  12   1              printf("Wait for Serial Communication Test Start.\r\n");
  13   1              printf("Please Send a command:\r\n");
  14   1          while(1)
  15   1          {
  16   2              uart_service(recv_buf);
  17   2          }
  18   1      }
  19          
  20          void uart_service(unsigned char *buf)
  21          {
  22   1          unsigned char recv_move_index;
  23   1          if(recv_flag)
  24   1          {
  25   2              recv_flag = 0;
  26   2              start_timer = 0; //关定时器
  27   2              sendString(buf);//数据处理
  28   2              while((recv_cnt>=5) && (recv_move_index <= recv_cnt))
  29   2              {
  30   3                  if((buf[recv_move_index+0]==0x55)&&(buf[recv_move_index+1]==0xAA)&&(buf[recv_move_index+2]==0x
             -55))
  31   3                  {
  32   4                      if((buf[recv_move_index+3]==0x01) && (buf[recv_move_index+4]==0x02))
  33   4                      {
  34   5                          LED = 0;
  35   5                      }
  36   4                      if((buf[recv_move_index+3]==0x02) && (buf[recv_move_index+4]==0x01))
  37   4                      {
  38   5                          LED = 1;
  39   5                      }
  40   4                      break;
  41   4                  }
  42   3                  recv_move_index++;
  43   3              }
  44   2              recv_cnt = 0;
  45   2              clr_recvbuffer(recv_buf); //清除缓冲buffer
  46   2          }
  47   1      }
  48          
  49          void Timer0_Init(void)          //1毫秒@11.0592MHz
  50          {
  51   1              TMOD &= 0xF0;                   //设置定时器模式
  52   1              TMOD |= 0x01;                   //设置定时器模式
  53   1              TL0 = 0x66;                             //设置定时初始值
C51 COMPILER V9.54   MAIN                                                                  03/06/2023 22:06:56 PAGE 2   

  54   1              TH0 = 0xFC;                             //设置定时初始值
  55   1              TF0 = 0;                                //清除TF0标志
  56   1          ET0 = 1;
  57   1              TR0 = 1;                                //定时器0开始计时
  58   1      }
  59          
  60          void Timer0_IST(void) interrupt 1 //定时器0的中断标志位会自动清0
  61          {
  62   1         
  63   1          TR0 = 0;
  64   1          if(start_timer == 1)
  65   1          {
  66   2              recv_timer_cnt++; //1. 累加定时时间计数器
  67   2              if(recv_timer_cnt > MAX_REV_TIM) //2.判断定时时间是否超过了设定的最大的阈值，
  68   2                                               //超过则说明等待一段时间后没有新的数据到，
  69   2                                               //我们就判断一包数据接收完了
  70   2              {
  71   3                  recv_timer_cnt=0;      //3.清楚定时计数器，处理数据，清除buffer(放到数据处理之后）
  72   3                  recv_flag = 1;  //接受完一包数据标志位
  73   3              }
  74   2          }
  75   1          TL0 = 0x66;                         //设置定时初始值
  76   1              TH0 = 0xFC;
  77   1          TR0 = 1;
  78   1          
  79   1      }
  80          


MODULE INFORMATION:   STATIC OVERLAYABLE
   CODE SIZE        =    269    ----
   CONSTANT SIZE    =     69    ----
   XDATA SIZE       =   ----    ----
   PDATA SIZE       =   ----    ----
   DATA SIZE        =   ----       4
   IDATA SIZE       =   ----    ----
   BIT SIZE         =   ----    ----
END OF MODULE INFORMATION.


C51 COMPILATION COMPLETE.  0 WARNING(S),  0 ERROR(S)
