C51 COMPILER V9.54   MAIN                                                                  04/18/2023 21:16:38 PAGE 1   


C51 COMPILER V9.54, COMPILATION OF MODULE MAIN
OBJECT MODULE PLACED IN ..\output\main.obj
COMPILER INVOKED BY: E:\keil\keil5\keil5 install\C51\BIN\C51.EXE ..\source\main.c OPTIMIZE(8,SPEED) BROWSE DEBUG OBJECTE
                    -XTEND PRINT(..\listing\main.lst) OBJECT(..\output\main.obj)

line level    source

   1          #include <reg51.h>
   2          #include "LCD1602.h"
   3          #include"delay.h"
   4          #include <stdio.h>
   5          
   6          unsigned char IntegerToStr(long dat,unsigned char *str);
   7          void main()
   8          {
   9   1          // long dat = -56678;  //长整型的最大范围4294967295
  10   1          int dat = -1235;
  11   1          unsigned char str[6]; //最大的ASCII码“4294967295\0”
  12   1          
  13   1          float num = 1.25;
  14   1          float num2 = 1.3564;
  15   1          int temp; 
  16   1          unsigned char lcdbuf[10];
  17   1          
  18   1          LCDInit();
  19   1          delayxms(10); 
  20   1          IntegerToStr(dat,str); //数字转字符串，就是将数字转换为ASCII码值
  21   1          LCDShowStr(0,0,str);
  22   1          
  23   1          temp = num*100;
  24   1          LCDSetPosition(0,1); //显示位置
  25   1          LCDWriteData(temp/100+'0'); //显示数据
  26   1          LCDWriteData('.');
  27   1          LCDWriteData(temp/10%10+'0');
  28   1          LCDWriteData(temp%10+'0');
  29   1          
  30   1          sprintf(lcdbuf,"%0.4f",num2);
  31   1          LCDShowStr(6,1,lcdbuf);
  32   1          
  33   1          while(1)
  34   1          {
  35   2             
  36   2          }
  37   1      }
  38          
  39          
  40          unsigned char IntegerToStr(int dat,unsigned char *str) 
  41          //带有返回值的函数，返回值为字符串的长度,将数字转换为字符串的函数
  42          {
*** WARNING C235 IN LINE 42 OF ..\source\main.c: parameter 1: different types
  43   1          unsigned char i;
  44   1          unsigned char len;
  45   1          unsigned char buf[6];
  46   1          if(dat < 0)
  47   1          {
  48   2              dat = -dat; //如果是负数，取绝对值。
  49   2              *str++ = '-';
  50   2              len++;
  51   2          }
  52   1          do  //分离数据
  53   1          {
C51 COMPILER V9.54   MAIN                                                                  04/18/2023 21:16:38 PAGE 2   

  54   2              buf[i++] = dat%10 + '0'; //dat%10 + 0x30  buf[0] = '8' buf[1] = '7' buf[2] = '6'
  55   2              dat /= 10;
  56   2          }
  57   1          while(dat > 0);
  58   1          len += i;
  59   1          while(i-- > 0) //反数据
  60   1          {
  61   2              *str++ = buf[i];
  62   2          }
  63   1          *str = '\0';  //字符串加一个结束符
  64   1          return len;
  65   1      }
  66          


MODULE INFORMATION:   STATIC OVERLAYABLE
   CODE SIZE        =    369    ----
   CONSTANT SIZE    =      6    ----
   XDATA SIZE       =   ----    ----
   PDATA SIZE       =   ----    ----
   DATA SIZE        =   ----      41
   IDATA SIZE       =   ----    ----
   BIT SIZE         =   ----    ----
END OF MODULE INFORMATION.


C51 COMPILATION COMPLETE.  1 WARNING(S),  0 ERROR(S)
