C51 COMPILER V9.01   DELAY                                                                 02/05/2023 22:16:31 PAGE 1   


C51 COMPILER V9.01, COMPILATION OF MODULE DELAY
OBJECT MODULE PLACED IN ..\output\delay.obj
COMPILER INVOKED BY: E:\keil\keil\keil install\C51\BIN\C51.EXE ..\source\delay.c BROWSE DEBUG OBJECTEXTEND PRINT(.\delay
                    -.lst) OBJECT(..\output\delay.obj)

line level    source

   1          #include"Delay.h"
   2          
   3          void Delayxms(unsigned int xms)
   4          {
   5   1      unsigned int i,j;
   6   1              for(i = xms;i>0;i--)
   7   1              {
   8   2                      for(j = 124;j>0;j--)
   9   2                      {}
  10   2              }
  11   1      }


MODULE INFORMATION:   STATIC OVERLAYABLE
   CODE SIZE        =     30    ----
   CONSTANT SIZE    =   ----    ----
   XDATA SIZE       =   ----    ----
   PDATA SIZE       =   ----    ----
   DATA SIZE        =   ----    ----
   IDATA SIZE       =   ----    ----
   BIT SIZE         =   ----    ----
END OF MODULE INFORMATION.


C51 COMPILATION COMPLETE.  0 WARNING(S),  0 ERROR(S)
