C51 COMPILER V9.01   MAIN                                                                  02/15/2023 15:14:25 PAGE 1   


C51 COMPILER V9.01, COMPILATION OF MODULE MAIN
OBJECT MODULE PLACED IN ..\output\main.obj
COMPILER INVOKED BY: E:\keil\keil\keil install\C51\BIN\C51.EXE ..\source\main.c BROWSE DEBUG OBJECTEXTEND PRINT(..\listi
                    -ng\main.lst) OBJECT(..\output\main.obj)

line level    source

   1          #include<reg51.h>
   2          #include"delay.h"
   3          #include"display.h"
   4          
   5          unsigned char wnd;
   6          unsigned char parm1 = 56;
   7          unsigned char parm2 = 96;
   8          unsigned char parm3 = 46;
   9          unsigned char parm4 = 93;
  10          
  11          
  12                                                                                                          
  13          void main()
  14          {
  15   1              unsigned int i;
  16   1              for(i=0;i<5000;i++)
  17   1              {
  18   2                      Display();
  19   2              }
  20   1              while(1)
  21   1              {
  22   2                      switch(wnd)
  23   2                      {
  24   3                              case 0: 
  25   3                                      LEDBuf[0]=0;
  26   3                                      LEDBuf[1]=23;
  27   3                                      LEDBuf[2]=parm1/10;
  28   3                                      LEDBuf[3]=parm1%10;
  29   3                                      for(i=0;i<5000;i++)
  30   3                                      {
  31   4                                              Display();
  32   4                                      }
  33   3                                      wnd++;
  34   3                                      break;
  35   3                              case 1:
  36   3                                      LEDBuf[0]=1;
  37   3                                      LEDBuf[1]=23;
  38   3                                      LEDBuf[2]=parm2/10;
  39   3                                      LEDBuf[3]=parm2%10;
  40   3                                      wnd++;
  41   3                                      for(i=0;i<5000;i++)
  42   3                                      {
  43   4                                              Display();
  44   4                                      }
  45   3                                      break;
  46   3                              case 2:
  47   3                                      LEDBuf[0]=2;
  48   3                                      LEDBuf[1]=23;
  49   3                                      LEDBuf[2]=parm3/10;
  50   3                                      LEDBuf[3]=parm3%10;
  51   3                                      wnd++;
  52   3                                      for(i=0;i<5000;i++)
  53   3                                      {
  54   4                                              Display();
C51 COMPILER V9.01   MAIN                                                                  02/15/2023 15:14:25 PAGE 2   

  55   4                                      }
  56   3                                      break;
  57   3                              case 3:
  58   3                                      LEDBuf[0]=3;
  59   3                                      LEDBuf[1]=23;
  60   3                                      LEDBuf[2]=parm4/10;
  61   3                                      LEDBuf[3]=parm4%10;
  62   3                                      for(i=0;i<5000;i++)
  63   3                                      {
  64   4                                              Display();
  65   4                                      }
  66   3                                      wnd = 0;
  67   3                                      break;
  68   3                                      }       
  69   2              }
  70   1              
  71   1      }       


MODULE INFORMATION:   STATIC OVERLAYABLE
   CODE SIZE        =    260    ----
   CONSTANT SIZE    =   ----    ----
   XDATA SIZE       =   ----    ----
   PDATA SIZE       =   ----    ----
   DATA SIZE        =      5       2
   IDATA SIZE       =   ----    ----
   BIT SIZE         =   ----    ----
END OF MODULE INFORMATION.


C51 COMPILATION COMPLETE.  0 WARNING(S),  0 ERROR(S)
