C51 COMPILER V9.01   SHOW                                                                  02/02/2023 14:56:37 PAGE 1   


C51 COMPILER V9.01, COMPILATION OF MODULE SHOW
OBJECT MODULE PLACED IN ..\output\show.obj
COMPILER INVOKED BY: E:\keil\keil\keil install\C51\BIN\C51.EXE ..\source\show.c BROWSE DEBUG OBJECTEXTEND PRINT(..\listi
                    -ng\show.lst) OBJECT(..\output\show.obj)

line level    source

   1          #include"show.h"          //数码管的显示程序
   2          
   3          
   4          unsigned char code leddata[]={ 
   5          //共阴极数码管的段码表
   6                                          0x3f, //0
   7                                          0x06, //1
   8                                          0x5b, //2
   9                                          0x4f, //3
  10                                          0x66, //4
  11                                          0x6d, //5
  12                                          0x7d, //6
  13                                          0x07, //7
  14                                          0x7f, //8
  15                                          0x6f, //9
  16                                          0xff, //a
  17                                          0x7c, //b
  18                                          0x39, //c
  19                                          0x5e, //d
  20                                          0x79, //e
  21                                          0x71, //f
  22                                          0x76, //h
  23                                          0x38, //l
  24                                          0x37, //n
  25                                          0x3e, //u
  26                                          0x73, //p
  27                                          0x5c, //0
  28                                          0x00,  //熄灭
  29                                          0x40  //--
  30                                           
  31                                                                  
  32                                          /**0xc0,//0
  33                                          0xf9,//1
  34                                          0xa4,//2
  35                                          0xb0,//3
  36                                          0x99,//4
  37                                          0x92,//5
  38                                          0x82,//6
  39                                          0xf8,//7
  40                                          0x80,//8
  41                                          0x90,//9
  42                                          0x88,//A
  43                                          0x83,//B
  44                                          0xc6,//C
  45                                          0xa1,//D
  46                                          0x86,//E
  47                                          0x8e, //F
  48                                          0x8c, //P
  49                                          0xc1,//U
  50                                          0x91,//Y
  51                                          0x7c,//L
  52                                          0x00,//全亮
  53                                          0xff  //熄灭**/
  54          };
C51 COMPILER V9.01   SHOW                                                                  02/02/2023 14:56:37 PAGE 2   

  55          
  56          unsigned char LEDBuf[] = {23,23,23,23}; //数据显示缓冲区
  57          unsigned char code PLACE_CODE[] = {0xf7,0xfb,0xfd, 0xfe}; //位选信号，是常量，放置到ROM中
  58          
  59          void Show()
  60          {
  61   1              unsigned char i;
  62   1              switch(i)
  63   1              {
  64   2                      case 0:
  65   2                              GPIO_DIG = leddata[leddata[0]];
  66   2                              GPIO_PLACE = PLACE_CODE[0];
  67   2                              Delayxms(1);
  68   2                              GPIO_DIG = 0x00; 
  69   2      
  70   2                      case 1:
  71   2                      case 2:
  72   2                      case 3:
  73   2                      default:break;
  74   2              }
  75   1      }


MODULE INFORMATION:   STATIC OVERLAYABLE
   CODE SIZE        =     30    ----
   CONSTANT SIZE    =     28    ----
   XDATA SIZE       =   ----    ----
   PDATA SIZE       =   ----    ----
   DATA SIZE        =      4       1
   IDATA SIZE       =   ----    ----
   BIT SIZE         =   ----    ----
END OF MODULE INFORMATION.


C51 COMPILATION COMPLETE.  0 WARNING(S),  0 ERROR(S)
