C51 COMPILER V9.54   MAIN                                                                  04/18/2023 17:11:14 PAGE 1   


C51 COMPILER V9.54, COMPILATION OF MODULE MAIN
OBJECT MODULE PLACED IN .\Objects\main.obj
COMPILER INVOKED BY: E:\keil\keil5\keil5 install\C51\BIN\C51.EXE ..\source\main.c OPTIMIZE(8,SPEED) BROWSE DEBUG OBJECTE
                    -XTEND PRINT(.\Listings\main.lst) OBJECT(.\Objects\main.obj)

line level    source

   1          #include <reg51.h>
   2          #include "LCD1602.h"
   3          #include"delay.h"
   4          
   5          unsigned char IntegerToStr(long dat,unsigned char *str);
   6          void main()
   7          {
   8   1          long dat = 678;  //长整型的最大范围4294967295
   9   1          unsigned char str[11]; //最大的ASCII码“4294967295\0”
  10   1          LCDInit();
  11   1          delayxms(10); 
  12   1          IntegerToStr(dat,str); //数字转字符串，就是将数字转换为ASCII码值
  13   1          LCDShowStr(0,0,str);
  14   1          while(1)
  15   1          {
  16   2             
  17   2          }
  18   1      }
  19          
  20          
  21          unsigned char IntegerToStr(long dat,unsigned char *str) 
  22          //带有返回值的函数，返回值为字符串的长度,将数字转换为字符串的函数
  23          {
  24   1          unsigned char i;
  25   1          unsigned char len;
  26   1          unsigned char buf[11];
  27   1          if(dat < 0)
  28   1          {
  29   2              dat = -dat; //如果是负数，取绝对值。
  30   2              *str++ = '-';
  31   2              len++;
  32   2          }
  33   1          do  //分离数据
  34   1          {
  35   2              buf[i++] = dat%10 + '0'; //dat%10 + 0x30  buf[0] = '8' buf[1] = '7' buf[2] = '6'
  36   2              dat /= 10;
  37   2          }
  38   1          while(dat > 0);
  39   1          len += i;
  40   1          while(i-- > 0) //反数据
  41   1          {
  42   2              *str++ = buf[i];
  43   2          }
  44   1          *str = '\0';  //字符串加一个结束符
  45   1          return len;
  46   1      }
  47          


MODULE INFORMATION:   STATIC OVERLAYABLE
   CODE SIZE        =    229    ----
   CONSTANT SIZE    =   ----    ----
   XDATA SIZE       =   ----    ----
   PDATA SIZE       =   ----    ----
C51 COMPILER V9.54   MAIN                                                                  04/18/2023 17:11:14 PAGE 2   

   DATA SIZE        =   ----      35
   IDATA SIZE       =   ----    ----
   BIT SIZE         =   ----    ----
END OF MODULE INFORMATION.


C51 COMPILATION COMPLETE.  0 WARNING(S),  0 ERROR(S)
