C51 COMPILER V9.54   MAIN                                                                  04/23/2023 20:20:39 PAGE 1   


C51 COMPILER V9.54, COMPILATION OF MODULE MAIN
OBJECT MODULE PLACED IN ..\output\main.obj
COMPILER INVOKED BY: E:\keil\keil5\keil5 install\C51\BIN\C51.EXE ..\source\main.c OPTIMIZE(8,SPEED) BROWSE DEBUG OBJECTE
                    -XTEND PRINT(..\listing\main.lst) OBJECT(..\output\main.obj)

line level    source

   1          #include <reg51.h>
   2          #include "LCD1602.h"
   3          #include "delay.h"
   4          #include "OneWire.h"
   5          
   6          
   7          void main()
   8          {
   9   1          unsigned char ack;
  10   1          LCDInit();
  11   1          delayxms(10);
  12   1          ack = OneWireRst();
  13   1          LCDWriteCmd(LCD_SCREEN_CLR);
  14   1          while(1)
  15   1          {
  16   2              LCDSetPosition(0,0);
  17   2              LCDWriteData(ack + '0');
  18   2          }
  19   1      }
  20          


MODULE INFORMATION:   STATIC OVERLAYABLE
   CODE SIZE        =     38    ----
   CONSTANT SIZE    =   ----    ----
   XDATA SIZE       =   ----    ----
   PDATA SIZE       =   ----    ----
   DATA SIZE        =   ----       1
   IDATA SIZE       =   ----    ----
   BIT SIZE         =   ----    ----
END OF MODULE INFORMATION.


C51 COMPILATION COMPLETE.  0 WARNING(S),  0 ERROR(S)
