C51 COMPILER V9.54   DS18B20                                                               05/07/2023 11:51:49 PAGE 1   


C51 COMPILER V9.54, COMPILATION OF MODULE DS18B20
OBJECT MODULE PLACED IN ..\output\DS18B20.obj
COMPILER INVOKED BY: E:\keil\keil5\keil5 install\C51\BIN\C51.EXE ..\source\DS18B20.c OPTIMIZE(8,SPEED) BROWSE DEBUG OBJE
                    -CTEXTEND PRINT(..\listing\DS18B20.lst) OBJECT(..\output\DS18B20.obj)

line level    source

   1          #include "DS18B20.h"
   2          
   3          bit Start18B20()
   4          {
   5   1          bit ack;
   6   1          //1.初始化，判断是否有单总线器件
   7   1          ack = OneWireRst();
   8   1          if(ack == 0)
   9   1          {
  10   2              //2.ROM指令
  11   2              WriteOneWire(SKIP_ROM);
  12   2              //3.功能指令 启动温度转换
  13   2              WriteOneWire(CONVERT_T);
  14   2          }
  15   1          return ~ack;
  16   1      }
  17          
  18          bit Read18B20(int * temp) //数据读取成功返回ack=1
  19          {
  20   1          bit ack;
  21   1          unsigned char MSB,LSB;
  22   1          //1.初始化，判断是否有单总线器件
  23   1          ack = OneWireRst();
  24   1          if(ack == 0)
  25   1          {
  26   2              //2.ROM指令
  27   2              WriteOneWire(SKIP_ROM); //建立单总线器件的通信
  28   2              //3.功能指令 启动温度转换
  29   2              WriteOneWire(READ_REGISTER);
  30   2              //4.读转换结果 根据功能指令来确定
  31   2              LSB = ReadOneWire();
  32   2              MSB = ReadOneWire();
  33   2              *temp = ((int)MSB<<8) + LSB;
  34   2          }
  35   1          return ~ack;
  36   1      }
  37          
  38          void ReadRomCode(unsigned char *romcode)
  39          {
  40   1          unsigned char i;
  41   1          bit ack;
  42   1          ack = OneWireRst();
  43   1          if(ack == 0)
  44   1          {
  45   2              WriteOneWire(READ_ROM); //读取rom指令
  46   2              for(i=0;i<8;i++)  //读取8个字节的64位ROM码
  47   2              {
  48   3                  //romcode[i] = ReadOneWire();
  49   3                  *(romcode+i) = ReadOneWire();
  50   3              }
  51   2              
  52   2          }
  53   1      }

C51 COMPILER V9.54   DS18B20                                                               05/07/2023 11:51:49 PAGE 2   


MODULE INFORMATION:   STATIC OVERLAYABLE
   CODE SIZE        =    130    ----
   CONSTANT SIZE    =   ----    ----
   XDATA SIZE       =   ----    ----
   PDATA SIZE       =   ----    ----
   DATA SIZE        =   ----       8
   IDATA SIZE       =   ----    ----
   BIT SIZE         =   ----       3
END OF MODULE INFORMATION.


C51 COMPILATION COMPLETE.  0 WARNING(S),  0 ERROR(S)
