C51 COMPILER V9.54   MAIN                                                                  05/07/2023 11:51:49 PAGE 1   


C51 COMPILER V9.54, COMPILATION OF MODULE MAIN
OBJECT MODULE PLACED IN ..\output\main.obj
COMPILER INVOKED BY: E:\keil\keil5\keil5 install\C51\BIN\C51.EXE ..\source\main.c OPTIMIZE(8,SPEED) BROWSE DEBUG OBJECTE
                    -XTEND PRINT(..\listing\main.lst) OBJECT(..\output\main.obj)

line level    source

   1          #include <reg51.h>
   2          #include "LCD1602.h"
   3          #include "delay.h"
   4          #include "OneWire.h"
   5          #include "DS18B20.h"
   6          #include "uart.h"
   7          
   8          unsigned char romcode[8];  //romcode是实参，返回的romcode是形参
   9          void LCDShowRomCode(unsigned char *romcode,unsigned char num);
  10          unsigned char code rom1[] = {0x28,0xFF,0x50,0xB9, 0xC0,0x17,0x05,0x31}; //第一个DS18B20rom码
  11          unsigned char code rom2[] = {0x28,0xFe,0x50,0xB9, 0xC0,0x17,0x05,0x30};
  12          unsigned char i;
  13          void main()
  14          {
  15   1          LCDInit(); //LCD1602初始化
  16   1          UartInit();
  17   1          delayxms(10);
  18   1          ReadRomCode(romcode); //传递的是地址
  19   1          LCDShowRomCode(romcode,1);
  20   1          for(i=0; i < 8; i++) 
  21   1          {
  22   2              sendByte(romcode[i]);
  23   2          }
  24   1          while(1);
  25   1                 
  26   1      }
  27          
  28          void LCDShowRomCode(unsigned char *romcode,unsigned char num)
  29          {
  30   1          unsigned char i;
  31   1          unsigned char temp;
  32   1          LCDSetPosition(7,0); //第一行显示
  33   1          LCDWriteData('#');
  34   1          LCDWriteData(num+'0');
  35   1          
  36   1          LCDSetPosition(0,1); //第二行显示
  37   1          for(i=0; i < 8; i++)  //  8位CRC校验位00 B8C530(48位串行数据) 28(8位家族码)，读到的顺序2830C5B800
  38   1          {
  39   2              temp = romcode[i]>>4; //取高四位显示
  40   2              if(temp < 10)
  41   2                  LCDWriteData(temp+'0');
  42   2              else
  43   2                  LCDWriteData(temp+'7');  //数据大于10
  44   2              temp = romcode[i] & 0x0f; //取低四位显示
  45   2              if(temp < 10)
  46   2                  LCDWriteData(temp+'0');
  47   2              else
  48   2                  LCDWriteData(temp+'7');  //数据大于10
  49   2             
  50   2          }
  51   1          
  52   1      }


C51 COMPILER V9.54   MAIN                                                                  05/07/2023 11:51:49 PAGE 2   

MODULE INFORMATION:   STATIC OVERLAYABLE
   CODE SIZE        =    178    ----
   CONSTANT SIZE    =     16    ----
   XDATA SIZE       =   ----    ----
   PDATA SIZE       =   ----    ----
   DATA SIZE        =      9       6
   IDATA SIZE       =   ----    ----
   BIT SIZE         =   ----    ----
END OF MODULE INFORMATION.


C51 COMPILATION COMPLETE.  0 WARNING(S),  0 ERROR(S)
