C51 COMPILER V9.01   MAIN                                                                  02/15/2023 16:01:51 PAGE 1   


C51 COMPILER V9.01, COMPILATION OF MODULE MAIN
OBJECT MODULE PLACED IN ..\output\main.obj
COMPILER INVOKED BY: E:\keil\keil\keil install\C51\BIN\C51.EXE ..\source\main.c BROWSE DEBUG OBJECTEXTEND PRINT(..\listi
                    -ng\main.lst) OBJECT(..\output\main.obj)

line level    source

   1          #include<reg51.h>
   2          #include"delay.h"
   3          #include"display.h"
   4          #include"Key.h"
   5          
   6          unsigned char wnd;
   7          unsigned char parm1 = 56;
   8          unsigned char parm2 = 96;
   9          unsigned char parm3 = 4;
  10          unsigned char parm4 = 93;
  11          
  12          void dis_Service();
  13          void Key_Service();
  14                                                                                                          
  15          void main()
  16          {
  17   1              unsigned int i;
  18   1              for(i=0;i<5000;i++)
  19   1              {
  20   2                      Display();
  21   2              }
  22   1              while(1)
  23   1              {
  24   2                      Key_Service();
  25   2                      dis_Service();          
  26   2                      Display();      
  27   2              }
  28   1              
  29   1      }
  30          
  31          void dis_Service()
  32          {       
  33   1      switch(wnd)
  34   1      {
  35   2              case 0: 
  36   2                      LEDBuf[0]=20;
  37   2                      LEDBuf[1]=1;
  38   2                      LEDBuf[2]=parm1/10;
  39   2                      LEDBuf[3]=parm1%10;
  40   2                      break;
  41   2              case 1:
  42   2                      LEDBuf[0]=20;
  43   2                      LEDBuf[1]=2;
  44   2                      LEDBuf[2]=parm2/10;
  45   2                      LEDBuf[3]=parm2%10;
  46   2                      break;
  47   2              case 2:
  48   2                      LEDBuf[0]=20;
  49   2                      LEDBuf[1]=3;
  50   2                      LEDBuf[2]=parm3/10;
  51   2                      LEDBuf[3]=parm3%10;
  52   2                      break;
  53   2              case 3:
  54   2                      LEDBuf[0]=20;
C51 COMPILER V9.01   MAIN                                                                  02/15/2023 16:01:51 PAGE 2   

  55   2                      LEDBuf[1]=4;
  56   2                      LEDBuf[2]=parm4/10;
  57   2                      LEDBuf[3]=parm4%10;
  58   2                      break;
  59   2                      }
  60   1      }
  61          void Key_Service()
  62          {
  63   1              switch(Key_Scan())
  64   1              {
  65   2                      case 1: 
  66   2                              wnd++;if(wnd>3) wnd = 0;
  67   2                      break;
  68   2                      case 2:
  69   2                              switch(wnd)
  70   2                              {
  71   3                                      case 0: parm1++; if(parm1>99) parm1 = 0; break;
  72   3                                      case 1: parm2++; if(parm2>99) parm2 = 0; break;
  73   3                                      case 2: parm3++; if(parm3>99) parm3 = 0; break;
  74   3                                      case 3: parm4++; if(parm4>99) parm4 = 0; break;
  75   3                                      default:break;
  76   3                              }
  77   2                      break;
  78   2                      case 3: 
  79   2                              switch(wnd)
  80   2                              {
  81   3                                      case 0: parm1--; if(parm1>100) parm1 = 99; break;
  82   3                                      case 1: parm2--; if(parm2>100) parm2 = 99; break;
  83   3                                      case 2: parm3--; if(parm3>100) parm3 = 99; break;
  84   3                                      case 3: parm4--; if(parm4>100) parm4 = 99; break;
  85   3                                      default:break;
  86   3                              }
  87   2                      break;
  88   2                      case 4:
  89   2                              switch(wnd)
  90   2                              {
  91   3                                      case 0: parm1=0; break;
  92   3                                      case 1: parm2=0; break;
  93   3                                      case 2: parm3=0; break;
  94   3                                      case 3: parm4=0; break;
  95   3                                      default:break;
  96   3                              }
  97   2                      break;
  98   2                      default : break;
  99   2              }       
 100   1      }       


MODULE INFORMATION:   STATIC OVERLAYABLE
   CODE SIZE        =    332    ----
   CONSTANT SIZE    =   ----    ----
   XDATA SIZE       =   ----    ----
   PDATA SIZE       =   ----    ----
   DATA SIZE        =      5       2
   IDATA SIZE       =   ----    ----
   BIT SIZE         =   ----    ----
END OF MODULE INFORMATION.


C51 COMPILATION COMPLETE.  0 WARNING(S),  0 ERROR(S)
