C51 COMPILER V9.01   MAIN                                                                  05/21/2022 23:45:04 PAGE 1   


C51 COMPILER V9.01, COMPILATION OF MODULE MAIN
OBJECT MODULE PLACED IN main.OBJ
COMPILER INVOKED BY: E:\keil\keil\keil install\C51\BIN\C51.EXE main.c BROWSE DEBUG OBJECTEXTEND

line level    source

   1          #include<reg51.h>
   2          #include<intrins.h>//找到了_nop_的库函数文档。
   3          
   4          
   5          void Delay5000ms();//函数的声明
   6          
   7          void main()
   8          {
   9   1              while(1)
  10   1              {
  11   2                      P1 = 0xfe;
  12   2                      Delay5000ms();//延时 亮一会
  13   2                      P1 = 0xff;
  14   2                      Delay5000ms();//延时 灭一会
  15   2      
  16   2              
  17   2              }
  18   1      }
  19          
  20          void Delay5000ms()              //@12.000MHz
  21          {
  22   1              unsigned char i, j, k;
  23   1      
  24   1              _nop_();
  25   1              /*是一个函数，没有声明，是一个C51的一个库函数。需要找到这个库函数，
  26   1              从help文档中。如何查找：1.点击help，2.点击第一个，3.搜索此函数，找到所在库   */
  27   1              i = 38;
  28   1              j = 0;
  29   1              k = 118;
  30   1              do
  31   1              {
  32   2                      do
  33   2                      {
  34   3                              while (--k);
  35   3                      } while (--j);
  36   2              } while (--i);
  37   1      }


MODULE INFORMATION:   STATIC OVERLAYABLE
   CODE SIZE        =     28    ----
   CONSTANT SIZE    =   ----    ----
   XDATA SIZE       =   ----    ----
   PDATA SIZE       =   ----    ----
   DATA SIZE        =   ----    ----
   IDATA SIZE       =   ----    ----
   BIT SIZE         =   ----    ----
END OF MODULE INFORMATION.


C51 COMPILATION COMPLETE.  0 WARNING(S),  0 ERROR(S)
