C51 COMPILER V9.54   MAIN                                                                  02/23/2023 21:08:36 PAGE 1   


C51 COMPILER V9.54, COMPILATION OF MODULE MAIN
OBJECT MODULE PLACED IN .\Objects\main.obj
COMPILER INVOKED BY: E:\keil\keil5\keil5 install\C51\BIN\C51.EXE ..\source\main.c OPTIMIZE(8,SPEED) BROWSE DEBUG OBJECTE
                    -XTEND PRINT(.\Listings\main.lst) OBJECT(.\Objects\main.obj)

line level    source

   1          #include <reg51.h>
   2          #include"delay.h"
   3          
   4          void UartInit(void);
   5          void main()
   6          {
   7   1          UartInit(); 
   8   1          while(1)
   9   1          {
  10   2              SBUF = 0x88;
  11   2              delayxms(2000);
  12   2          }
  13   1      }
  14          
  15          void UartInit(void)             //9600bps@11.0592MHz
  16          {
  17   1              SCON = 0x50;            //8位数据,可变波特率
  18   1              TMOD &= 0x0F;           //清除定时器1模式位
  19   1              TMOD |= 0x20;           //设定定时器1为8位自动重装方式
  20   1              TL1 = 0xFD;             //设定定时初值
  21   1              TH1 = 0xFD;             //设定定时器重装值
  22   1              ET1 = 0;                //禁止定时器1中断
  23   1              TR1 = 1;                //启动定时器1
  24   1          ES = 1;         //串口中断
  25   1          EA = 1;
  26   1      }
  27          
  28          void ES_ISR (void) interrupt 4
  29          {
  30   1          if(TI)
  31   1          {
  32   2              TI = 0;
  33   2          }
  34   1      }


MODULE INFORMATION:   STATIC OVERLAYABLE
   CODE SIZE        =     45    ----
   CONSTANT SIZE    =   ----    ----
   XDATA SIZE       =   ----    ----
   PDATA SIZE       =   ----    ----
   DATA SIZE        =   ----    ----
   IDATA SIZE       =   ----    ----
   BIT SIZE         =   ----    ----
END OF MODULE INFORMATION.


C51 COMPILATION COMPLETE.  0 WARNING(S),  0 ERROR(S)
