C51 COMPILER V9.54   MAIN                                                                  04/20/2023 17:36:01 PAGE 1   


C51 COMPILER V9.54, COMPILATION OF MODULE MAIN
OBJECT MODULE PLACED IN ..\output\main.obj
COMPILER INVOKED BY: E:\keil\keil5\keil5 install\C51\BIN\C51.EXE ..\source\main.c OPTIMIZE(8,SPEED) BROWSE DEBUG OBJECTE
                    -XTEND PRINT(..\listing\main.lst) OBJECT(..\output\main.obj)

line level    source

   1          #include <reg51.h>
   2          #include "LCD1602.h"
   3          #include "delay.h"
   4          #include "Key.h"
   5          #include "LCDShowMenu.h"
   6          
   7          void KeyService();
   8          void LCDShowService();
   9          void Timer0_Init(void);
  10          int TEMPbuf[] = {125,126,127,128,223,224,225,226,334,335,336,337,421,422,423,424};
  11          unsigned char menu = 0;
  12          bit mode = 0; //用于切换模式，属于用户巡检模式，还是自动巡检模式
  13          unsigned int timer0cnt = 0;
  14          unsigned char menuflag;
  15          
  16          void main()
  17          {
  18   1          LCDInit();
  19   1          delayxms(10);
  20   1          StartMenu();
  21   1          delayxms(2000);
  22   1          Timer0_Init();
  23   1          LCDWriteCmd(LCD_SCREEN_CLR);
  24   1          while(1)
  25   1          { 
  26   2              if(mode == 0)
  27   2              {
  28   3                  TR0 = 1;
  29   3                  if(menuflag == 1)
  30   3                  {
  31   4                      menuflag = 0;
  32   4                      menu++;
  33   4                      if(menu == 4)
  34   4                          menu = 0;
  35   4                  }
  36   3              }
  37   2              KeyService();
  38   2              LCDShowService();
  39   2          }
  40   1      }
  41          
  42          void Timer0_Init(void)          //1毫秒@11.0592MHz
  43          {
  44   1              //AUXR &= 0x7F;                 //定时器时钟12T模式
  45   1              TMOD &= 0xF0;                   //设置定时器模式
  46   1          TMOD |= 0x01;
  47   1              TL0 = 0x66;                             //设置定时初始值
  48   1              TH0 = 0xFC;                             //设置定时初始值
  49   1              TF0 = 0;                                //清除TF0标志
  50   1          ET0 = 1;
  51   1          EA = 1;
  52   1              //TR0 = 1;                              //定时器0开始计时
  53   1          
  54   1      }
C51 COMPILER V9.54   MAIN                                                                  04/20/2023 17:36:01 PAGE 2   

  55          
  56          void Timer0_ISR() interrupt 1
  57          {
  58   1          TR0 = 0;
  59   1          timer0cnt++;
  60   1          if(timer0cnt >= 5000)
  61   1          {
  62   2              timer0cnt = 0;
  63   2              menuflag = 1;
  64   2          }
  65   1          TL0 = 0x66;                         //设置定时初始值
  66   1              TH0 = 0xFC;                             //设置定时初始值
  67   1          TR0 = 1;
  68   1      }
  69          
  70          void KeyService()
  71          {
  72   1          switch(Key_Scan())
  73   1          {
  74   2              case 1: mode = ~mode;  break;
  75   2              case 2: if(mode == 1)
  76   2                  {
  77   3                      TR0 = 0;
  78   3                      menu++; 
  79   3                      if(menu == 4) 
  80   3                          menu = 0;
  81   3                  }break;
  82   2              case 3: 
  83   2                  mode = 1;
  84   2                  TR0 = 0;
  85   2                  menu = 0; 
  86   2               break;
  87   2              case 4: mode = 1; TR0 = 0; menu = 4; LCDWriteCmd(LCD_SCREEN_CLR); break;
  88   2              default: break;
  89   2          }
  90   1      }
  91          
  92          void LCDShowService()
  93          {
  94   1          switch(menu)
  95   1          {
  96   2              case 0:  SubmenuOne(); break;
  97   2              case 1:  SubmenuTwo(); break;
  98   2              case 2:  SubmenuThree(); break;
  99   2              case 3:  SubmenuFour(); break;
 100   2              case 4:  AlarmSetMenu(); break;
 101   2              default: break;
 102   2              
 103   2          }
 104   1      }


MODULE INFORMATION:   STATIC OVERLAYABLE
   CODE SIZE        =    213    ----
   CONSTANT SIZE    =   ----    ----
   XDATA SIZE       =   ----    ----
   PDATA SIZE       =   ----    ----
   DATA SIZE        =     36    ----
   IDATA SIZE       =   ----    ----
   BIT SIZE         =      1    ----
END OF MODULE INFORMATION.


C51 COMPILATION COMPLETE.  0 WARNING(S),  0 ERROR(S)
