C51 COMPILER V9.01   DELAY                                                                 05/28/2022 00:59:21 PAGE 1   


C51 COMPILER V9.01, COMPILATION OF MODULE DELAY
OBJECT MODULE PLACED IN ..\output\delay.obj
COMPILER INVOKED BY: E:\keil\keil\keil install\C51\BIN\C51.EXE ..\source\delay.c BROWSE DEBUG OBJECTEXTEND PRINT(..\list
                    -ing\delay.lst) OBJECT(..\output\delay.obj)

line level    source

   1          /*
   2          功能：蜂鸣器的发声
   3          */
   4          #include"delay.h"
   5          #include<intrins.h>
   6          
   7          void delayxms(unsigned int xms)
   8          {
   9   1      unsigned int i,j;
  10   1              for(i = xms;i>0;i--)
  11   1              {
  12   2                      for(j = 124;j>0;j--)
  13   2                      {}
  14   2                }
  15   1      }
  16          void Delay956us()               //@11.0592MHz
  17          {
  18   1              unsigned char i, j;
  19   1      
  20   1              _nop_();
  21   1              i = 2;
  22   1              j = 179;
  23   1              do
  24   1              {
  25   2                      while (--j);
  26   2              } while (--i);
  27   1      }
  28          void Delay1280us()              //@11.0592MHz
  29          {
  30   1              unsigned char i, j;
  31   1      
  32   1              _nop_();
  33   1              i = 3;
  34   1              j = 71;
  35   1              do
  36   1              {
  37   2                      while (--j);
  38   2              } while (--i);
  39   1      }


MODULE INFORMATION:   STATIC OVERLAYABLE
   CODE SIZE        =     50    ----
   CONSTANT SIZE    =   ----    ----
   XDATA SIZE       =   ----    ----
   PDATA SIZE       =   ----    ----
   DATA SIZE        =   ----    ----
   IDATA SIZE       =   ----    ----
   BIT SIZE         =   ----    ----
END OF MODULE INFORMATION.


C51 COMPILATION COMPLETE.  0 WARNING(S),  0 ERROR(S)
