C51 COMPILER V9.01   MAIN                                                                  05/28/2022 00:59:32 PAGE 1   


C51 COMPILER V9.01, COMPILATION OF MODULE MAIN
OBJECT MODULE PLACED IN ..\output\main.obj
COMPILER INVOKED BY: E:\keil\keil\keil install\C51\BIN\C51.EXE ..\source\main.c BROWSE DEBUG OBJECTEXTEND PRINT(..\listi
                    -ng\main.lst) OBJECT(..\output\main.obj)

line level    source

   1          #include<reg51.h>
   2          #include"delay.h"
   3          
   4          void Delay956us();
   5          sbit sound = P3^7;
   6          
   7          
   8          void main()
   9          {
  10   1      unsigned int i;
  11   1              while(1)
  12   1              {
  13   2                      for(i;i<200;i++)
  14   2                      {
  15   3                              sound = ~sound;
  16   3                              Delay956us();
  17   3                      }
  18   2                      for(i;i<500;i++)
  19   2                      {
  20   3                              sound = ~sound;
  21   3                              Delay1280us();
  22   3                      }
  23   2              }
  24   1      }


MODULE INFORMATION:   STATIC OVERLAYABLE
   CODE SIZE        =     52    ----
   CONSTANT SIZE    =   ----    ----
   XDATA SIZE       =   ----    ----
   PDATA SIZE       =   ----    ----
   DATA SIZE        =   ----       2
   IDATA SIZE       =   ----    ----
   BIT SIZE         =   ----    ----
END OF MODULE INFORMATION.


C51 COMPILATION COMPLETE.  0 WARNING(S),  0 ERROR(S)
