C51 COMPILER V9.54   MAIN                                                                  04/19/2023 16:23:07 PAGE 1   


C51 COMPILER V9.54, COMPILATION OF MODULE MAIN
OBJECT MODULE PLACED IN ..\output\main.obj
COMPILER INVOKED BY: E:\keil\keil5\keil5 install\C51\BIN\C51.EXE ..\source\main.c OPTIMIZE(8,SPEED) BROWSE DEBUG OBJECTE
                    -XTEND PRINT(..\listing\main.lst) OBJECT(..\output\main.obj)

line level    source

   1          #include <reg51.h>
   2          #include "LCD1602.h"
   3          #include"delay.h"
   4          #include <stdio.h>
   5          
   6          
   7          void main()
   8          {
   9   1          unsigned char code str[] ="Hello LCD 1602";
  10   1           unsigned char code str1[] ="123456789ASFAG";
  11   1          LCDInit();
  12   1          delayxms(10);
  13   1          LCDShowStr(0,0,str);
  14   1          LCDShowStr(0,1,str1);
  15   1          while(1)
  16   1          {
  17   2             
  18   2          }
  19   1      }
  20          
  21          


MODULE INFORMATION:   STATIC OVERLAYABLE
   CODE SIZE        =     37    ----
   CONSTANT SIZE    =     30    ----
   XDATA SIZE       =   ----    ----
   PDATA SIZE       =   ----    ----
   DATA SIZE        =   ----    ----
   IDATA SIZE       =   ----    ----
   BIT SIZE         =   ----    ----
END OF MODULE INFORMATION.


C51 COMPILATION COMPLETE.  0 WARNING(S),  0 ERROR(S)
