C51 COMPILER V9.54   MAIN                                                                  04/16/2023 20:53:12 PAGE 1   


C51 COMPILER V9.54, COMPILATION OF MODULE MAIN
OBJECT MODULE PLACED IN ..\output\main.obj
COMPILER INVOKED BY: E:\keil\keil5\keil5 install\C51\BIN\C51.EXE ..\source\main.c OPTIMIZE(8,SPEED) BROWSE DEBUG OBJECTE
                    -XTEND PRINT(..\listing\main.lst) OBJECT(..\output\main.obj)

line level    source

   1          #include <reg51.h>
   2          #include"delay.h"
   3          #include "LCD1602.h"
   4          
   5          void main()
   6          {
   7   1          
   8   1          unsigned char str1[] = "13:14";
   9   1          unsigned char code str2[] = {0x00,0x00,0x00,0x00,0x1F,0x00,0x00,0x00};
  10   1          LCDInit();
  11   1          while(1)
  12   1          {
  13   2              LCDSetChar(9,0,2,str2);
  14   2              LCDShowStr(0,1,str1);
  15   2              
  16   2          }
  17   1      }


MODULE INFORMATION:   STATIC OVERLAYABLE
   CODE SIZE        =     55    ----
   CONSTANT SIZE    =     14    ----
   XDATA SIZE       =   ----    ----
   PDATA SIZE       =   ----    ----
   DATA SIZE        =   ----       6
   IDATA SIZE       =   ----    ----
   BIT SIZE         =   ----    ----
END OF MODULE INFORMATION.


C51 COMPILATION COMPLETE.  0 WARNING(S),  0 ERROR(S)
