C51 COMPILER V9.01   MAIN                                                                  01/04/2023 23:42:37 PAGE 1   


C51 COMPILER V9.01, COMPILATION OF MODULE MAIN
OBJECT MODULE PLACED IN ..\output\main.obj
COMPILER INVOKED BY: E:\keil\keil\keil install\C51\BIN\C51.EXE ..\source\main.c BROWSE DEBUG OBJECTEXTEND PRINT(..\listi
                    -ng\main.lst) OBJECT(..\output\main.obj)

line level    source

   1          #include<reg51.h>
   2          #include"delay.h"
   3          
   4          unsigned char code LEDBUF[] = {0xfe,0xfd,0xfb,0xf7,0xef,0xdf,0xbf,0x7f};
   5           //code:常量数组放在rom中，用code关键。
   6          
   7          
   8          void main()
   9          {
  10   1              unsigned char cnt;
  11   1              while(1)
  12   1              {
  13   2                      for(cnt = 0;cnt<8;cnt++)
  14   2                      {
  15   3                              P1 = LEDBUF[cnt];
  16   3                              delayxms(1000);
  17   3                      }
  18   2                      
  19   2              }
  20   1      }


MODULE INFORMATION:   STATIC OVERLAYABLE
   CODE SIZE        =     29    ----
   CONSTANT SIZE    =      8    ----
   XDATA SIZE       =   ----    ----
   PDATA SIZE       =   ----    ----
   DATA SIZE        =   ----       1
   IDATA SIZE       =   ----    ----
   BIT SIZE         =   ----    ----
END OF MODULE INFORMATION.


C51 COMPILATION COMPLETE.  0 WARNING(S),  0 ERROR(S)
