C51 COMPILER V9.01   KEY                                                                   02/15/2023 15:37:54 PAGE 1   


C51 COMPILER V9.01, COMPILATION OF MODULE KEY
OBJECT MODULE PLACED IN ..\output\key.obj
COMPILER INVOKED BY: E:\keil\keil\keil install\C51\BIN\C51.EXE ..\source\key.c BROWSE DEBUG OBJECTEXTEND PRINT(..\listin
                    -g\key.lst) OBJECT(..\output\key.obj)

line level    source

   1          #include"Key.h"
   2          
   3          
   4          
   5          unsigned char Key_Scan()
   6          {
   7   1              unsigned char temp1,temp2;
   8   1              unsigned char KeyNum = 23;
   9   1              KEYPORT = 0xf0; //四行全部输出低电平，四列做为输入，输出写“0”，输入写“1”，检测四列
  10   1              temp1 = KEYPORT; //读入I/O口，
  11   1              if(temp1!=0xf0)  //判断是否有键按下。
  12   1              {
  13   2                      Delayxms(10); //消抖
  14   2                      if(temp1!=0xf0) //再次判断按键是否按下。
  15   2                      {
  16   3                              temp1 = KEYPORT & 0xf0; //取高四位确定列号
  17   3                              KEYPORT = 0x0f; //4行做输入，四列作为输出，输出写“0”，输入写“1”，检测四行。 
  18   3                              temp2 = KEYPORT&0x0f;//读入并取低四位确定行号
  19   3                      }
  20   2              }
  21   1              switch(temp1 + temp2)
  22   1              {
  23   2                      case 0xee: KeyNum = 1; break;
  24   2                      case 0xed: KeyNum = 2; break;
  25   2                      case 0xeb: KeyNum = 3; break;
  26   2                      case 0xe7: KeyNum = 4; break;
  27   2                      case 0xde: KeyNum = 5; break;
  28   2                      case 0xdd: KeyNum = 6; break;
  29   2                      case 0xdb: KeyNum = 7; break;
  30   2                      case 0xd7: KeyNum = 8; break;
  31   2                      case 0xbe: KeyNum = 9; break;
  32   2                      case 0xbd: KeyNum = 10; break;
  33   2                      case 0xbb: KeyNum = 11; break;
  34   2                      case 0xb7: KeyNum = 12; break;
  35   2                      case 0x7e: KeyNum = 13; break;
  36   2                      case 0x7d: KeyNum = 14; break;
  37   2                      case 0x7b: KeyNum = 15; break;
  38   2                      case 0x77: KeyNum = 16; break;
  39   2              }
  40   1      
  41   1              return KeyNum;
  42   1      }
  43          


MODULE INFORMATION:   STATIC OVERLAYABLE
   CODE SIZE        =    183    ----
   CONSTANT SIZE    =   ----    ----
   XDATA SIZE       =   ----    ----
   PDATA SIZE       =   ----    ----
   DATA SIZE        =   ----       3
   IDATA SIZE       =   ----    ----
   BIT SIZE         =   ----    ----
END OF MODULE INFORMATION.

C51 COMPILER V9.01   KEY                                                                   02/15/2023 15:37:54 PAGE 2   


C51 COMPILATION COMPLETE.  0 WARNING(S),  0 ERROR(S)
