C51 COMPILER V9.54   MAIN                                                                  03/05/2023 00:22:51 PAGE 1   


C51 COMPILER V9.54, COMPILATION OF MODULE MAIN
OBJECT MODULE PLACED IN ..\output\main.obj
COMPILER INVOKED BY: E:\keil\keil5\keil5 install\C51\BIN\C51.EXE ..\source\main.c OPTIMIZE(8,SPEED) BROWSE DEBUG OBJECTE
                    -XTEND PRINT(..\listing\main.lst) OBJECT(..\output\main.obj)

line level    source

   1          #include <reg51.h>
   2          #include"delay.h"
   3          #include "uart.h"
   4          
   5          void main()
   6          {
   7   1              unsigned char dat = 88;
   8   1              UartInit();     
   9   1          while(1)
  10   1          {
  11   2                      //sendString("hello world!\n");
  12   2                      printf("Hello world!\r\n"); //printf()函数会调用putchar()函数
  13   2                      delayxms(1000);
  14   2                      printf("dat=%bd\r\n",&dat);
  15   2          }
  16   1      }


MODULE INFORMATION:   STATIC OVERLAYABLE
   CODE SIZE        =     42    ----
   CONSTANT SIZE    =     25    ----
   XDATA SIZE       =   ----    ----
   PDATA SIZE       =   ----    ----
   DATA SIZE        =   ----       1
   IDATA SIZE       =   ----    ----
   BIT SIZE         =   ----    ----
END OF MODULE INFORMATION.


C51 COMPILATION COMPLETE.  0 WARNING(S),  0 ERROR(S)
