C51 COMPILER V9.01   MAIN                                                                  02/16/2023 18:19:36 PAGE 1   


C51 COMPILER V9.01, COMPILATION OF MODULE MAIN
OBJECT MODULE PLACED IN ..\output\main.obj
COMPILER INVOKED BY: E:\keil\keil\keil install\C51\BIN\C51.EXE ..\source\main.c BROWSE DEBUG OBJECTEXTEND PRINT(..\listi
                    -ng\main.lst) OBJECT(..\output\main.obj)

line level    source

   1          #include<reg51.h>
   2          
   3          
   4          void timer0_Iint();
   5          sbit LED = P1^0;
   6          void main()
   7          {
   8   1              timer0_Iint();
   9   1              while(1)
  10   1              {
  11   2                      if(TF0 == 1)
  12   2                      {
  13   3                              TF0 = 0;
  14   3                              TH0 = (65536 - 50000)/256; //重新赋初值
  15   3                              TL0 = (65536 - 50000)%256;
  16   3                              LED = ~LED;
  17   3                      }       
  18   2              }
  19   1      
  20   1      }
  21          
  22          void timer0_Iint() //定时器0的初始化
  23          {
  24   1              //1.设置TMOD 确定工作方式 定时  工作方式1 GATE = 0
  25   1              TMOD = 0x01;
  26   1              //2.初值的计算 定时初值50ms  12M
  27   1              TH0 = (65536 - 50000)/256;
  28   1              TL0 = (65536 - 50000)%256;
  29   1              //3.打开定时器
  30   1              TR0 = 1;
  31   1      }


MODULE INFORMATION:   STATIC OVERLAYABLE
   CODE SIZE        =     30    ----
   CONSTANT SIZE    =   ----    ----
   XDATA SIZE       =   ----    ----
   PDATA SIZE       =   ----    ----
   DATA SIZE        =   ----    ----
   IDATA SIZE       =   ----    ----
   BIT SIZE         =   ----    ----
END OF MODULE INFORMATION.


C51 COMPILATION COMPLETE.  0 WARNING(S),  0 ERROR(S)
