C51 COMPILER V9.01   MAIN                                                                  05/19/2022 23:12:08 PAGE 1   


C51 COMPILER V9.01, COMPILATION OF MODULE MAIN
OBJECT MODULE PLACED IN main.OBJ
COMPILER INVOKED BY: E:\keil\keil\keil install\C51\BIN\C51.EXE main.c BROWSE DEBUG OBJECTEXTEND

line level    source

   1          //单片机的头文件，实际上是建立软件与硬件的联系。
   2          #include<reg51.h>
   3          
   4          sbit LED = P1^0;
   5          
   6          void main()
   7          {
   8   1              while(1)
   9   1              {
  10   2                      LED = 0;
  11   2                      //P1 = 0XFE; //P1.7-P1.0 1111 1110      
  12   2              }
  13   1      
  14   1      
  15   1      }


MODULE INFORMATION:   STATIC OVERLAYABLE
   CODE SIZE        =      4    ----
   CONSTANT SIZE    =   ----    ----
   XDATA SIZE       =   ----    ----
   PDATA SIZE       =   ----    ----
   DATA SIZE        =   ----    ----
   IDATA SIZE       =   ----    ----
   BIT SIZE         =   ----    ----
END OF MODULE INFORMATION.


C51 COMPILATION COMPLETE.  0 WARNING(S),  0 ERROR(S)
