C51 COMPILER V9.01   MAIN                                                                  05/22/2022 01:08:38 PAGE 1   


C51 COMPILER V9.01, COMPILATION OF MODULE MAIN
OBJECT MODULE PLACED IN main.OBJ
COMPILER INVOKED BY: E:\keil\keil\keil install\C51\BIN\C51.EXE main.c BROWSE DEBUG OBJECTEXTEND

line level    source

   1          /*
   2          功能:带有参数的延时函数实现小灯的闪烁
   3          编程人：许磊
   4          版本：v1.0
   5          时间：2022/5/22
   6          */
   7          
   8          //头文件的声明
   9          #include<reg51.h>
  10          
  11          sbit LED = P1^7;
  12          void DelayXms(unsigned int xms);//函数声明
  13          
  14          void main()
  15          {
  16   1              while(1)
  17   1              {
  18   2                      LED = 0;
  19   2                      DelayXms(1000);//调用函数时，函数要么在前面声明过，要么包含在库中。
  20   2                      LED = 1;
  21   2                      DelayXms(1000); 
  22   2              }
  23   1      }
  24          
  25          void DelayXms(unsigned int xms)   //不是特别精确
  26          {
  27   1              unsigned int i,j; //0-65535   0000h-
  28   1              for(i = xms;i>0;i--)
  29   1              {
  30   2                      for(j=124;j>0;j--)
  31   2                      {
  32   3                      
  33   3                      }
  34   2              }
  35   1      }


MODULE INFORMATION:   STATIC OVERLAYABLE
   CODE SIZE        =     50    ----
   CONSTANT SIZE    =   ----    ----
   XDATA SIZE       =   ----    ----
   PDATA SIZE       =   ----    ----
   DATA SIZE        =   ----    ----
   IDATA SIZE       =   ----    ----
   BIT SIZE         =   ----    ----
END OF MODULE INFORMATION.


C51 COMPILATION COMPLETE.  0 WARNING(S),  0 ERROR(S)
