C51 COMPILER V9.54   MAIN                                                                  04/20/2023 23:50:50 PAGE 1   


C51 COMPILER V9.54, COMPILATION OF MODULE MAIN
OBJECT MODULE PLACED IN .\Objects\main.obj
COMPILER INVOKED BY: E:\keil\keil5\keil5 install\C51\BIN\C51.EXE ..\source\main.c OPTIMIZE(8,SPEED) BROWSE DEBUG OBJECTE
                    -XTEND PRINT(.\Listings\main.lst) OBJECT(.\Objects\main.obj)

line level    source

   1          #include <reg51.h>
   2          #include "LCD1602.h"
   3          #include "delay.h"
   4          #include "OneWire.h"
   5          
   6          
   7          void main()
   8          {
   9   1          unsigned char ack;
  10   1          LCDInit();
  11   1          delayxms(10);
  12   1          ack = OneWireRst();
  13   1          while(1)
  14   1          {
  15   2              LCDSetPosition(0,0);
  16   2              LCDWriteData(ack);
  17   2          }
  18   1      }


MODULE INFORMATION:   STATIC OVERLAYABLE
   CODE SIZE        =     30    ----
   CONSTANT SIZE    =   ----    ----
   XDATA SIZE       =   ----    ----
   PDATA SIZE       =   ----    ----
   DATA SIZE        =   ----       1
   IDATA SIZE       =   ----    ----
   BIT SIZE         =   ----    ----
END OF MODULE INFORMATION.


C51 COMPILATION COMPLETE.  0 WARNING(S),  0 ERROR(S)
