C51 COMPILER V9.01   MAIN                                                                  05/23/2022 18:01:09 PAGE 1   


C51 COMPILER V9.01, COMPILATION OF MODULE MAIN
OBJECT MODULE PLACED IN ..\output\main.obj
COMPILER INVOKED BY: E:\keil\keil\keil install\C51\BIN\C51.EXE ..\source\main.c BROWSE DEBUG OBJECTEXTEND PRINT(..\listi
                    -ng\main.lst) OBJECT(..\output\main.obj)

line level    source

   1          #include<reg51.h>
   2          #include"delay.h"
   3          #include<intrins.h>
   4          
   5          
   6          
   7          void main()
   8          {
   9   1      unsigned char temp = 0xfe;
  10   1              while(1)
  11   1              {
  12   2                      P1 = temp;
  13   2                      delayxms(500);
  14   2                      temp = _crol_(temp,1);                  
  15   2              }
  16   1      }


MODULE INFORMATION:   STATIC OVERLAYABLE
   CODE SIZE        =     28    ----
   CONSTANT SIZE    =   ----    ----
   XDATA SIZE       =   ----    ----
   PDATA SIZE       =   ----    ----
   DATA SIZE        =   ----       1
   IDATA SIZE       =   ----    ----
   BIT SIZE         =   ----    ----
END OF MODULE INFORMATION.


C51 COMPILATION COMPLETE.  0 WARNING(S),  0 ERROR(S)
