C51 COMPILER V9.01   MAIN                                                                  02/10/2023 16:20:08 PAGE 1   


C51 COMPILER V9.01, COMPILATION OF MODULE MAIN
OBJECT MODULE PLACED IN .\main.obj
COMPILER INVOKED BY: E:\keil\keil\keil install\C51\BIN\C51.EXE ..\source\main.c BROWSE DEBUG OBJECTEXTEND PRINT(.\main.l
                    -st) OBJECT(.\main.obj)

line level    source

   1          #include<reg51.h>
   2          #include"Key.h"
   3          #include"Delay.h"
   4          #include<intrins.h>
   5          
   6          
   7          
   8          
   9          
  10          void Key_Service();
  11          bit Startflag = 0;
  12          bit UpDownflag = 0;
  13          unsigned int temp = 0xfe;
  14          
  15          void main()
  16          {
  17   1              while(1)
  18   1              {
  19   2                      Key_Service();  
  20   2              }
  21   1      }
  22          
  23          void Key_Service()
  24          {
  25   1              switch(Key_Scan())
  26   1                      {
  27   2                              case 1: Startflag = 1; break; //Æô¶¯
  28   2                              case 2: Startflag = 0; break; //Í£Ö¹
  29   2                              case 3: UpDownflag = 1; break; //Down
  30   2                              case 4: UpDownflag = 0; break; //UP
  31   2                              default : break;
  32   2                      }
  33   1              if(Startflag)
  34   1              {
  35   2                      P1 = temp;
  36   2                      if(UpDownflag)
  37   2                      {
  38   3                              temp = _crol_(temp,1);
  39   3                      }
  40   2                      else
  41   2                      {
  42   3                              temp = _cror_(temp,1);
  43   3                      }
  44   2                      Delayxms(500);  
  45   2              }
  46   1      }


MODULE INFORMATION:   STATIC OVERLAYABLE
   CODE SIZE        =     82    ----
   CONSTANT SIZE    =   ----    ----
   XDATA SIZE       =   ----    ----
   PDATA SIZE       =   ----    ----
   DATA SIZE        =      2    ----
C51 COMPILER V9.01   MAIN                                                                  02/10/2023 16:20:08 PAGE 2   

   IDATA SIZE       =   ----    ----
   BIT SIZE         =      2    ----
END OF MODULE INFORMATION.


C51 COMPILATION COMPLETE.  0 WARNING(S),  0 ERROR(S)
