C51 COMPILER V9.54   MAIN                                                                  04/11/2023 23:40:16 PAGE 1   


C51 COMPILER V9.54, COMPILATION OF MODULE MAIN
OBJECT MODULE PLACED IN ..\output\main.obj
COMPILER INVOKED BY: E:\keil\keil5\keil5 install\C51\BIN\C51.EXE ..\source\main.c OPTIMIZE(8,SPEED) BROWSE DEBUG OBJECTE
                    -XTEND PRINT(..\listing\main.lst) OBJECT(..\output\main.obj)

line level    source

   1          #include <reg51.h>
   2          #include "uart.h"
   3          
   4          sbit LED = P1^0;
   5          sbit BEEP = P3^7;
   6          void Timer0_Init(void);
   7          void main()
   8          {
   9   1          UartInit();
  10   1          Timer0_Init();
  11   1          EA = 1;
  12   1              printf("Wait for Serial Communication Test Start.\r\n");
  13   1              printf("Please Send a command:\r\n");
  14   1          while(1)
  15   1          {
  16   2              if(recv_flag == 1)
  17   2              {
  18   3                  recv_flag = 0;
  19   3                  sendString(recv_buf);
  20   3                  clr_recvbuffer(recv_buf);
  21   3              }
  22   2          }
  23   1      }
  24          void Timer0_Init(void)          //1毫秒定时器的初始化
  25          {
  26   1              TMOD &= 0xF0;                   //设置定时器模式
  27   1              TMOD |= 0x01;                   //设置定时器模式
  28   1              TL0 = 0x66;                             //设置定时初始值
  29   1              TH0 = 0xFC;                             //设置定时初始值
  30   1              TF0 = 0;                                //清除TF0标志
  31   1          ET0 = 1;
  32   1              TR0 = 1;                                //定时器0开始计时
  33   1      }
  34          
  35          void Timer0_IST(void) interrupt 1 //定时器0的中断标志位会自动清0
  36          {
  37   1         
  38   1          TR0 = 0;
  39   1          if(led_cnt < led_data)  //当变量小于所接收数据的点亮时间，LED灯点亮
  40   1          {
  41   2              led_cnt++;
  42   2              LED = 0;
  43   2          }
  44   1          else
  45   1          {
  46   2              LED = 1; //使得LED灯熄灭
  47   2          }
  48   1          if(beep_cnt != 0)
  49   1          {
  50   2              beep_cnt--;
  51   2              BEEP = ~BEEP; //给蜂鸣器方波信号蜂鸣器才能鸣响
  52   2          }
  53   1          TL0 = 0x66;                         //设置定时初始值
  54   1              TH0 = 0xFC;
C51 COMPILER V9.54   MAIN                                                                  04/11/2023 23:40:16 PAGE 2   

  55   1          TR0 = 1;
  56   1          
  57   1      }
  58          


MODULE INFORMATION:   STATIC OVERLAYABLE
   CODE SIZE        =    132    ----
   CONSTANT SIZE    =     69    ----
   XDATA SIZE       =   ----    ----
   PDATA SIZE       =   ----    ----
   DATA SIZE        =   ----    ----
   IDATA SIZE       =   ----    ----
   BIT SIZE         =   ----    ----
END OF MODULE INFORMATION.


C51 COMPILATION COMPLETE.  0 WARNING(S),  0 ERROR(S)
