C51 COMPILER V9.54   KEY                                                                   02/23/2023 01:34:44 PAGE 1   


C51 COMPILER V9.54, COMPILATION OF MODULE KEY
OBJECT MODULE PLACED IN ..\output\key.obj
COMPILER INVOKED BY: E:\keil\keil5\keil5 install\C51\BIN\C51.EXE ..\source\key.c OPTIMIZE(8,SPEED) BROWSE DEBUG OBJECTEX
                    -TEND PRINT(..\listing\key.lst) TABS(2) OBJECT(..\output\key.obj)

line level    source

   1          #include"Key.h"
   2          
   3          
   4          
   5          unsigned char Key_Scan()
   6          {
   7   1        unsigned char KeyNum = 0;
   8   1        KEYIN1 = 1; KEYIN2 = 1; KEYIN3 = 1; KEYIN4 = 1;
   9   1        KEYOUT1 = 0;  KEYOUT2 = 1;     KEYOUT3 = 1; KEYOUT4 = 1;
  10   1        if(!KEYIN1||!KEYIN2||!KEYIN3||!KEYIN4)
  11   1        {
  12   2          Delayxms(10);
  13   2          if(!KEYIN1||!KEYIN2||!KEYIN3||!KEYIN4)
  14   2          {
  15   3            if(!KEYIN1)
  16   3              KeyNum = 1;
  17   3            if(!KEYIN2)
  18   3              KeyNum = 2;
  19   3            if(!KEYIN3)
  20   3              KeyNum = 3;
  21   3            if(!KEYIN4)
  22   3              KeyNum = 4;
  23   3          }
  24   2          while(!KEYIN1||!KEYIN2||!KEYIN3||!KEYIN4);
  25   2        }
  26   1        KEYIN1 = 1; KEYIN2 = 1; KEYIN3 = 1; KEYIN4 = 1;
  27   1        KEYOUT1 = 1;  KEYOUT2 = 0;     KEYOUT3 = 1; KEYOUT4 = 1;
  28   1        if(!KEYIN1||!KEYIN2||!KEYIN3||!KEYIN4)
  29   1        {
  30   2          Delayxms(10);
  31   2          if(!KEYIN1||!KEYIN2||!KEYIN3||!KEYIN4)
  32   2          {
  33   3            if(!KEYIN1)
  34   3              KeyNum = 5;
  35   3            if(!KEYIN2)
  36   3              KeyNum = 6;
  37   3            if(!KEYIN3)
  38   3              KeyNum = 7;
  39   3            if(!KEYIN4)
  40   3              KeyNum = 8;
  41   3          }
  42   2          while(!KEYIN1||!KEYIN2||!KEYIN3||!KEYIN4);
  43   2        }
  44   1         KEYIN1 = 1; KEYIN2 = 1;  KEYIN3 = 1; KEYIN4 = 1;
  45   1        KEYOUT1 = 1;  KEYOUT2 = 1;     KEYOUT3 = 0; KEYOUT4 = 1;
  46   1        if(!KEYIN1||!KEYIN2||!KEYIN3||!KEYIN4)
  47   1        {
  48   2          Delayxms(10);
  49   2          if(!KEYIN1||!KEYIN2||!KEYIN3||!KEYIN4)
  50   2          {
  51   3            if(!KEYIN1)
  52   3              KeyNum = 9;
  53   3            if(!KEYIN2)
  54   3              KeyNum = 10;
C51 COMPILER V9.54   KEY                                                                   02/23/2023 01:34:44 PAGE 2   

  55   3            if(!KEYIN3)
  56   3              KeyNum = 11;
  57   3            if(!KEYIN4)
  58   3              KeyNum = 12;
  59   3          }
  60   2          while(!KEYIN1||!KEYIN2||!KEYIN3||!KEYIN4);
  61   2        }
  62   1         KEYIN1 = 1; KEYIN2 = 1;  KEYIN3 = 1; KEYIN4 = 1;
  63   1        KEYOUT1 = 1;  KEYOUT2 = 1;     KEYOUT3 = 1; KEYOUT4 = 0;
  64   1        if(!KEYIN1||!KEYIN2||!KEYIN3||!KEYIN4)
  65   1        {
  66   2          Delayxms(10);
  67   2          if(!KEYIN1||!KEYIN2||!KEYIN3||!KEYIN4)
  68   2          {
  69   3            if(!KEYIN1)
  70   3              KeyNum = 13;
  71   3            if(!KEYIN2)
  72   3              KeyNum = 14;
  73   3            if(!KEYIN3)
  74   3              KeyNum = 15;
  75   3            if(!KEYIN4)
  76   3              KeyNum = 16;
  77   3          }
  78   2          while(!KEYIN1||!KEYIN2||!KEYIN3||!KEYIN4);
  79   2        }
  80   1        return KeyNum;
  81   1      }


MODULE INFORMATION:   STATIC OVERLAYABLE
   CODE SIZE        =    338    ----
   CONSTANT SIZE    =   ----    ----
   XDATA SIZE       =   ----    ----
   PDATA SIZE       =   ----    ----
   DATA SIZE        =   ----       1
   IDATA SIZE       =   ----    ----
   BIT SIZE         =   ----    ----
END OF MODULE INFORMATION.


C51 COMPILATION COMPLETE.  0 WARNING(S),  0 ERROR(S)
