C51 COMPILER V9.54   I2C                                                                   07/26/2023 16:41:31 PAGE 1   


C51 COMPILER V9.54, COMPILATION OF MODULE I2C
OBJECT MODULE PLACED IN ..\output\I2C.obj
COMPILER INVOKED BY: E:\keil\keil5\keil5 install\C51\BIN\C51.EXE ..\source\I2C.c OPTIMIZE(8,SPEED) BROWSE DEBUG OBJECTEX
                    -TEND PRINT(..\listing\I2C.lst) OBJECT(..\output\I2C.obj)

line level    source

   1          #include "I2C.h"
   2          
   3          
   4          void I2CStart() //启动总线函数
   5          {
   6   1          I2C_SCL = 1;  //总线空闲时 SCL SDA都为高电平
   7   1          I2C_SDA = 1;
   8   1          I2CDelay(); //SCL保持4.7个us之后，拉低SDA，产生起始信号
   9   1          I2C_SDA = 0;
  10   1          I2CDelay(); //SCL再维持4.7个us之后，拉低SCL，一个时钟周期结束
  11   1          I2C_SCL = 0;
  12   1      }
  13               
  14          void I2CWriteByte(unsigned char dat) //写一个字节的函数
  15          {
  16   1          unsigned char temp;
  17   1          for(temp = 0x80; temp != 0; temp >>= 1) //从最高位开始写
  18   1          {
  19   2              if((temp & dat) == 0) //当前位为0
  20   2                  I2C_SDA = 0;
  21   2              else                  //当前位为 1
  22   2                  I2C_SDA = 1;    
  23   2              I2CDelay(); //延时至少4us 使得SCL保持低
  24   2              I2C_SCL = 1; //拉高 器件读数据位
  25   2              I2CDelay(); //延时至少4us 使得SCL保持高
  26   2              I2C_SCL = 0; //拉低
  27   2          }
  28   1      }
  29          bit I2CReccvAck()
  30          {
  31   1          bit ack;
  32   1          I2C_SDA = 1; //主机主动释放SDA，为读ACK做准备
  33   1          I2CDelay();  //SCL保持4.7us低
  34   1          I2C_SCL = 1;
  35   1          ack = I2C_SDA;
  36   1          I2CDelay();
  37   1          I2C_SCL = 0; //拉低SCL
  38   1          return (ack);
  39   1          
  40   1      }
  41          
  42          void I2CStop()
  43          {
  44   1          I2C_SCL = 0;  
  45   1          I2C_SDA = 0;
  46   1          I2CDelay();
  47   1          I2C_SCL = 1;
  48   1          I2CDelay();
  49   1          I2C_SDA = 1;
  50   1          I2CDelay();
  51   1      }  


MODULE INFORMATION:   STATIC OVERLAYABLE
C51 COMPILER V9.54   I2C                                                                   07/26/2023 16:41:31 PAGE 2   

   CODE SIZE        =     92    ----
   CONSTANT SIZE    =   ----    ----
   XDATA SIZE       =   ----    ----
   PDATA SIZE       =   ----    ----
   DATA SIZE        =   ----    ----
   IDATA SIZE       =   ----    ----
   BIT SIZE         =   ----       1
END OF MODULE INFORMATION.


C51 COMPILATION COMPLETE.  0 WARNING(S),  0 ERROR(S)
