C51 COMPILER V9.54   MAIN                                                                  07/26/2023 16:41:31 PAGE 1   


C51 COMPILER V9.54, COMPILATION OF MODULE MAIN
OBJECT MODULE PLACED IN ..\output\main.obj
COMPILER INVOKED BY: E:\keil\keil5\keil5 install\C51\BIN\C51.EXE ..\source\main.c OPTIMIZE(8,SPEED) BROWSE DEBUG OBJECTE
                    -XTEND PRINT(..\listing\main.lst) OBJECT(..\output\main.obj)

line level    source

   1          #include <reg51.h>
   2          #include "I2C.h"
   3          #include "LCD1602.h"
   4          #include "delay.h"
   5          
   6          void main()
   7          {
   8   1          bit ack;
   9   1          bit E2PROMAddr(unsigned char addr);
  10   1          LCDInit();
  11   1          delayxms(10);
  12   1          ack = E2PROMAddr(0x50);
  13   1          
  14   1          while(1)
  15   1          {    
  16   2              LCDSetPosition(0,0);
  17   2              LCDWriteData(((unsigned char)ack) + '0');
  18   2          }
  19   1          
  20   1      }
  21          
  22          bit E2PROMAddr(unsigned char addr)
  23          {
  24   1          bit ack;
  25   1          I2CStart(); //主机发出起始信号
  26   1          I2CWriteByte(addr << 1); // 0101 0000 0xA0 写一个字节，第一个字节一定是期间寻址字节
  27   1          ack = I2CReccvAck(); //每写一个字节，从机返回一个ack应答位
  28   1          I2CStop(); //主机发出停止信号，结束一次数据传输
  29   1          
  30   1          return ack;
  31   1      }
  32              


MODULE INFORMATION:   STATIC OVERLAYABLE
   CODE SIZE        =     59    ----
   CONSTANT SIZE    =   ----    ----
   XDATA SIZE       =   ----    ----
   PDATA SIZE       =   ----    ----
   DATA SIZE        =   ----       1
   IDATA SIZE       =   ----    ----
   BIT SIZE         =   ----       2
END OF MODULE INFORMATION.


C51 COMPILATION COMPLETE.  0 WARNING(S),  0 ERROR(S)
