C51 COMPILER V9.54   MAIN                                                                  04/16/2023 09:37:27 PAGE 1   


C51 COMPILER V9.54, COMPILATION OF MODULE MAIN
OBJECT MODULE PLACED IN ..\output\main.obj
COMPILER INVOKED BY: E:\keil\keil5\keil5 install\C51\BIN\C51.EXE ..\source\main.c OPTIMIZE(8,SPEED) BROWSE DEBUG OBJECTE
                    -XTEND PRINT(..\listing\main.lst) OBJECT(..\output\main.obj)

line level    source

   1          #include <reg51.h>
   2          #include"delay.h"
   3          #include "LCD1602.h"
   4          
   5          void main()
   6          {
   7   1          unsigned char str[] = "hello LCD 1602";
   8   1          unsigned char str1[] = "13:14:520";
   9   1          LCDInit();
  10   1          while(1)
  11   1          {
  12   2              LCDShowStr(0,0,str);
  13   2              LCDShowStr(0,1,str1);
  14   2              
  15   2          }
  16   1      }


MODULE INFORMATION:   STATIC OVERLAYABLE
   CODE SIZE        =     68    ----
   CONSTANT SIZE    =     25    ----
   XDATA SIZE       =   ----    ----
   PDATA SIZE       =   ----    ----
   DATA SIZE        =   ----      25
   IDATA SIZE       =   ----    ----
   BIT SIZE         =   ----    ----
END OF MODULE INFORMATION.


C51 COMPILATION COMPLETE.  0 WARNING(S),  0 ERROR(S)
