C51 COMPILER V9.54   MAIN                                                                  02/23/2023 01:54:34 PAGE 1   


C51 COMPILER V9.54, COMPILATION OF MODULE MAIN
OBJECT MODULE PLACED IN ..\output\main.obj
COMPILER INVOKED BY: E:\keil\keil5\keil5 install\C51\BIN\C51.EXE ..\source\main.c OPTIMIZE(8,SPEED) BROWSE DEBUG OBJECTE
                    -XTEND PRINT(..\listing\main.lst) OBJECT(..\output\main.obj)

line level    source

   1          #include<reg51.h>         //硬件P2低四位与门接在一起，联通P3.2
   2          #include"display.h"
   3          #include"Delay.h"
   4          #include"Key.h"
   5          
   6          
   7          unsigned char KeyNum=22;
   8          unsigned char KeyPressFlag;
   9          void EX0_Init(void);
  10          void Dis_Service();
  11          unsigned int pramater = 0;
  12          void main()
  13          {
  14   1              EX0_Init();
  15   1              P2 = 0x0f;
  16   1              while(1)
  17   1              {
  18   2                      if(KeyPressFlag == 1)
  19   2                      {
  20   3                              KeyPressFlag = 0;
  21   3                              KeyNum = Key_Scan();
  22   3                      }
  23   2                      Dis_Service();
  24   2                      Display();      
  25   2              }
  26   1      }
  27          
  28          void Dis_Service()
  29          {
  30   1              LEDBuf[0] = 23;
  31   1              LEDBuf[1] = 23;
  32   1              LEDBuf[2] = 23;
  33   1              LEDBuf[3] = KeyNum;
  34   1      }
  35          
  36          void EX0_Init(void) //外部中断0初始化 
  37          {
  38   1              IT0 = 1; //下降沿触发 
  39   1              EX0 = 1;
  40   1              EA = 1;//中断的总开关
  41   1      }
  42          
  43          void EX0_ISR(void) interrupt 0 //外部中断1的中断服务函数
  44          {
  45   1              KeyPressFlag = 1;       
  46   1      }


MODULE INFORMATION:   STATIC OVERLAYABLE
   CODE SIZE        =     51    ----
   CONSTANT SIZE    =   ----    ----
   XDATA SIZE       =   ----    ----
   PDATA SIZE       =   ----    ----
   DATA SIZE        =      4    ----
C51 COMPILER V9.54   MAIN                                                                  02/23/2023 01:54:34 PAGE 2   

   IDATA SIZE       =   ----    ----
   BIT SIZE         =   ----    ----
END OF MODULE INFORMATION.


C51 COMPILATION COMPLETE.  0 WARNING(S),  0 ERROR(S)
