C51 COMPILER V9.01   MAIN                                                                  05/23/2022 15:54:53 PAGE 1   


C51 COMPILER V9.01, COMPILATION OF MODULE MAIN
OBJECT MODULE PLACED IN main.OBJ
COMPILER INVOKED BY: E:\keil\keil\keil install\C51\BIN\C51.EXE main.c BROWSE DEBUG OBJECTEXTEND

line level    source

   1          #include<reg51.h>
   2          
   3          
   4          
   5          void delayxms(unsigned int xms);
   6          
   7          
   8          void main()
   9          {
  10   1      P1 = 0xff;
  11   1              while(1)
  12   1              {
  13   2                      P1 = 0xfe;         //1111 1110
  14   2                      delayxms(500);
  15   2                      P1 = 0xfd;         //1111 1101
  16   2                      delayxms(500);
  17   2                      P1 = 0xfb;         //1111 1011
  18   2                      delayxms(500); 
  19   2                      P1 = 0xf7;         //1111 0111
  20   2                      delayxms(500); 
  21   2      
  22   2                      P1 = 0xef;         //1110 1111
  23   2                      delayxms(500);
  24   2                      P1 = 0xdf;         //1101 1111
  25   2                      delayxms(500);
  26   2                      P1 = 0xbf;         //1011 1111
  27   2                      delayxms(500);
  28   2                      P1 = 0x7f;         //0111 1111
  29   2                      delayxms(500);
  30   2      
  31   2      
  32   2      
  33   2              }               
  34   1      
  35   1      }
  36          
  37          void delayxms(unsigned int xms)
  38          {
  39   1      unsigned int i,j;
  40   1              for(i = xms;i>0;i--)
  41   1              {
  42   2                      for(j = 124;j>0;j--)
  43   2                      {}
  44   2              }
  45   1      }


MODULE INFORMATION:   STATIC OVERLAYABLE
   CODE SIZE        =     87    ----
   CONSTANT SIZE    =   ----    ----
   XDATA SIZE       =   ----    ----
   PDATA SIZE       =   ----    ----
   DATA SIZE        =   ----    ----
   IDATA SIZE       =   ----    ----
   BIT SIZE         =   ----    ----
C51 COMPILER V9.01   MAIN                                                                  05/23/2022 15:54:53 PAGE 2   

END OF MODULE INFORMATION.


C51 COMPILATION COMPLETE.  0 WARNING(S),  0 ERROR(S)
