C51 COMPILER V9.54   MAIN                                                                  05/05/2023 21:14:37 PAGE 1   


C51 COMPILER V9.54, COMPILATION OF MODULE MAIN
OBJECT MODULE PLACED IN ..\output\main.obj
COMPILER INVOKED BY: E:\keil\keil5\keil5 install\C51\BIN\C51.EXE ..\source\main.c OPTIMIZE(8,SPEED) BROWSE DEBUG OBJECTE
                    -XTEND PRINT(..\listing\main.lst) OBJECT(..\output\main.obj)

line level    source

   1          #include <reg51.h>
   2          #include "LCD1602.h"
   3          #include "delay.h"
   4          #include "OneWire.h"
   5          #include "DS18B20.h"
   6          
   7          unsigned char flag;
   8          void Timer0_Init();
   9          void main()
  10          {
  11   1          unsigned char ack;
  12   1          int temp; //保存接受温度数据
  13   1          float tmp;
  14   1          Timer0_Init();
  15   1          LCDInit();
  16   1          Start18B20();  //启动温度转换
  17   1          delayxms(10);
  18   1          while(1)
  19   1          {
  20   2              if(flag == 1)
  21   2              {
  22   3                  flag = 0;
  23   3                  Start18B20();
  24   3                  ack = Read18B20(&temp);  //读取当前温度
  25   3                  if(ack == 1) //数据读取成功
  26   3                  {
  27   4                      if(temp<0) //当温度值为负数
  28   4                      {
  29   5                          LCDWriteCmd(0x80); //写地址80表示初始地址
  30   5                          LCDWriteData('-'); //显示负
  31   5                          temp = ~temp; //补码存放，取反加一求原码
  32   5                          temp = temp+1;
  33   5                          tmp = temp;
  34   5                          temp = tmp*0.0625*100; //小数点后保留两位
  35   5                      }
  36   4                      else
  37   4                      {
  38   5                          LCDWriteCmd(0x80); //写地址80表示初始地址
  39   5                          LCDWriteData(' '); 
  40   5                          tmp = temp; //正数
  41   5                          temp = tmp*0.0625*100; //小数点后保留两位
  42   5                      }
  43   4                      if(temp >= 10000) //如果温度大于等于100°，5位数
  44   4                      {
  45   5                          LCDWriteCmd(0x82); //写地址82表示初始地址
  46   5                          LCDWriteData('0'+temp/10000); //显示百位
  47   5                          LCDWriteData('0'+temp%10000/1000); //显示十位
  48   5                          LCDWriteData('0'+temp%1000/100); //显示个位
  49   5                          LCDWriteData('.'); //显示'.'
  50   5                          LCDWriteData('0'+temp%100/10); //显示小数点
  51   5                          LCDWriteData('0'+temp%10); //显示小数
  52   5                      }
  53   4                      else
  54   4                      {
C51 COMPILER V9.54   MAIN                                                                  05/05/2023 21:14:37 PAGE 2   

  55   5                          if(temp >= 1000)  //温度大于等于10°
  56   5                          {
  57   6                              LCDWriteCmd(0x82); //写地址82表示初始地址
  58   6                              LCDWriteData('0'+temp%10000/1000); //显示十位
  59   6                              LCDWriteData('0'+temp%1000/100); //显示个位
  60   6                              LCDWriteData('.'); //显示'.'
  61   6                              LCDWriteData('0'+temp%100/10); //显示小数点
  62   6                              LCDWriteData('0'+temp%10); //显示小数
  63   6                              LCDWriteData(' ');
  64   6                          }
  65   5                          else
  66   5                          {
  67   6                              LCDWriteCmd(0x82); //写地址82表示初始地址
  68   6                              LCDWriteData('0'+temp%1000/100); //显示个位
  69   6                              LCDWriteData('.'); //显示'.'
  70   6                              LCDWriteData('0'+temp%100/10); //显示小数点
  71   6                              LCDWriteData('0'+temp%10); //显示小数
  72   6                              LCDWriteData(' ');
  73   6                              LCDWriteData(' ');
  74   6                          }
  75   5                      }
  76   4                  }
  77   3                  Start18B20();
  78   3              }
  79   2          }
  80   1      }
  81          
  82          void Timer0_Init(void)          //10微秒@12.000MHz
  83          {
  84   1              //AUXR &= 0x7F;                 //定时器时钟12T模式
  85   1              TMOD &= 0xF0;                   //设置定时器模式
  86   1              TMOD |= 0x01;                   //设置定时器模式
  87   1              TL0 = 0xF6;                             //设置定时初始值
  88   1              TH0 = 0xFF;                             //设置定时初始值
  89   1              TF0 = 0;                                //清除TF0标志
  90   1          ET0 = 1;
  91   1          EA = 1;
  92   1              TR0 = 1;                                //定时器0开始计时
  93   1      }
  94          
  95          void Timer0_ISR(void) interrupt 1
  96          {
  97   1          static unsigned char timer0Cnt = 0;
  98   1          TR0 = 0;
  99   1          timer0Cnt++;
 100   1          if(timer0Cnt >=100 )
 101   1          {
 102   2              timer0Cnt = 0;
 103   2              flag = 1;
 104   2          }
 105   1          TL0 = 0xF6;                         //设置定时初始值
 106   1              TH0 = 0xFF;             
 107   1          TR0 = 1;
 108   1      }
 109          


MODULE INFORMATION:   STATIC OVERLAYABLE
   CODE SIZE        =    581    ----
   CONSTANT SIZE    =   ----    ----
   XDATA SIZE       =   ----    ----
   PDATA SIZE       =   ----    ----
C51 COMPILER V9.54   MAIN                                                                  05/05/2023 21:14:37 PAGE 3   

   DATA SIZE        =      2       6
   IDATA SIZE       =   ----    ----
   BIT SIZE         =   ----    ----
END OF MODULE INFORMATION.


C51 COMPILATION COMPLETE.  0 WARNING(S),  0 ERROR(S)
