C51 COMPILER V9.54   MAIN                                                                  04/13/2023 23:30:06 PAGE 1   


C51 COMPILER V9.54, COMPILATION OF MODULE MAIN
OBJECT MODULE PLACED IN ..\output\main.obj
COMPILER INVOKED BY: E:\keil\keil5\keil5 install\C51\BIN\C51.EXE ..\source\main.c OPTIMIZE(8,SPEED) BROWSE DEBUG OBJECTE
                    -XTEND PRINT(..\listing\main.lst) OBJECT(..\output\main.obj)

line level    source

   1          #include <reg51.h>
   2          #include "uart.h"
   3          
   4          sbit LED = P1^0;
   5          sbit BEEP = P3^7;
   6          unsigned int beep_data;
   7          unsigned int beep_cnt;
   8          unsigned int led_cnt;
   9          unsigned int led_data;
  10          
  11          void Timer0_Init(void);
  12          void main()
  13          {
  14   1          UartInit();
  15   1          Timer0_Init();
  16   1          EA = 1;
  17   1              printf("Wait for Serial Communication Test Start.\r\n");
  18   1              printf("Please Send a command:\r\n");
  19   1          while(1)
  20   1          {
  21   2              if(recv_flag == 1)
  22   2              {
  23   3                  recv_flag = 0;
  24   3                  sendString(recv_buf);
  25   3                  switch(recv_buf[0]) //取点亮/蜂鸣器响数据
  26   3                  {
  27   4                      case 1: //控制LED灯
  28   4                          led_data = recv_buf[1]; //led_data是一个字，16位
  29   4                          led_data = led_data << 8;
  30   4                          led_data = led_data + recv_buf[2];
  31   4                          led_cnt = 0; //目的是使LED点亮上述接收的数据的时间
  32   4                          break;
  33   4                      case 2: //控制蜂鸣器
  34   4                          beep_data = recv_buf[1]; //led_data是一个字，16位
  35   4                          beep_data = led_data << 8;
  36   4                          beep_data = led_data + recv_buf[2];
  37   4                          beep_cnt = beep_data; 
  38   4                          break;
  39   4                      default :
  40   4                          clr_recvbuffer(recv_buf);
  41   4                      break;
  42   4                   } 
  43   3              }
  44   2          }
  45   1      }
  46          void Timer0_Init(void)          //1毫秒定时器的初始化
  47          {
  48   1              TMOD &= 0xF0;                   //设置定时器模式
  49   1              TMOD |= 0x01;                   //设置定时器模式
  50   1              TL0 = 0x66;                             //设置定时初始值
  51   1              TH0 = 0xFC;                             //设置定时初始值
  52   1              TF0 = 0;                                //清除TF0标志
  53   1          ET0 = 1;
  54   1              TR0 = 1;                                //定时器0开始计时
C51 COMPILER V9.54   MAIN                                                                  04/13/2023 23:30:06 PAGE 2   

  55   1      }
  56          
  57          void Timer0_IST(void) interrupt 1 //定时器0的中断标志位会自动清0
  58          {
  59   1         
  60   1          TR0 = 0;
  61   1          if(led_cnt < led_data)  //当变量小于所接收数据的点亮时间，LED灯点亮
  62   1          {
  63   2              led_cnt++;
  64   2              LED = 0;
  65   2          }
  66   1          else
  67   1          {
  68   2              LED = 1; //使得LED灯熄灭
  69   2          }
  70   1          if(beep_cnt != 0)
  71   1          {
  72   2              beep_cnt--;
  73   2              BEEP = ~BEEP; //给蜂鸣器方波信号蜂鸣器才能鸣响
  74   2          }
  75   1          TL0 = 0x66;                         //设置定时初始值
  76   1              TH0 = 0xFC;
  77   1          TR0 = 1;
  78   1          
  79   1      }
  80          


MODULE INFORMATION:   STATIC OVERLAYABLE
   CODE SIZE        =    203    ----
   CONSTANT SIZE    =     69    ----
   XDATA SIZE       =   ----    ----
   PDATA SIZE       =   ----    ----
   DATA SIZE        =      8    ----
   IDATA SIZE       =   ----    ----
   BIT SIZE         =   ----    ----
END OF MODULE INFORMATION.


C51 COMPILATION COMPLETE.  0 WARNING(S),  0 ERROR(S)
