C51 COMPILER V9.54   MAIN                                                                  04/20/2023 16:51:36 PAGE 1   


C51 COMPILER V9.54, COMPILATION OF MODULE MAIN
OBJECT MODULE PLACED IN ..\output\main.obj
COMPILER INVOKED BY: E:\keil\keil5\keil5 install\C51\BIN\C51.EXE ..\source\main.c OPTIMIZE(8,SPEED) BROWSE DEBUG OBJECTE
                    -XTEND PRINT(..\listing\main.lst) OBJECT(..\output\main.obj)

line level    source

   1          #include <reg51.h>
   2          #include "LCD1602.h"
   3          #include "delay.h"
   4          #include "Key.h"
   5          #include "LCDShowMenu.h"
   6          
   7          void KeyService();
   8          void LCDShowService();
   9          
  10          unsigned char menu = 0;
  11          void main()
  12          {
  13   1          LCDInit();
  14   1          delayxms(10);
  15   1          StartMenu();
  16   1          delayxms(2000);
  17   1          LCDWriteCmd(LCD_SCREEN_CLR);
  18   1          while(1)
  19   1          { 
  20   2              KeyService();
  21   2              LCDShowService();
  22   2          }
  23   1      }
  24          void KeyService()
  25          {
  26   1          switch(Key_Scan())
  27   1          {
  28   2              case 1: menu++; if(menu == 4) menu = 0; break;
  29   2              case 2: menu--; if(menu > 4) menu = 0;break;
  30   2              case 3: menu = 0; break;
  31   2              case 4: menu = 4; LCDWriteCmd(LCD_SCREEN_CLR); break;
  32   2              default: break;
  33   2          }
  34   1      }
  35          
  36          void LCDShowService()
  37          {
  38   1          switch(menu)
  39   1          {
  40   2              case 0:  SubmenuOne(); break;
  41   2              case 1:  SubmenuTwo(); break;
  42   2              case 2:  SubmenuThree(); break;
  43   2              case 3:  SubmenuFour(); break;
  44   2              case 4:  AlarmSetMenu(); break;
  45   2              default: break;
  46   2              
  47   2          }
  48   1      }


MODULE INFORMATION:   STATIC OVERLAYABLE
   CODE SIZE        =    118    ----
   CONSTANT SIZE    =   ----    ----
   XDATA SIZE       =   ----    ----
C51 COMPILER V9.54   MAIN                                                                  04/20/2023 16:51:36 PAGE 2   

   PDATA SIZE       =   ----    ----
   DATA SIZE        =      1    ----
   IDATA SIZE       =   ----    ----
   BIT SIZE         =   ----    ----
END OF MODULE INFORMATION.


C51 COMPILATION COMPLETE.  0 WARNING(S),  0 ERROR(S)
