C51 COMPILER V9.54   DELAY                                                                 06/26/2024 19:09:39 PAGE 1   


C51 COMPILER V9.54, COMPILATION OF MODULE DELAY
OBJECT MODULE PLACED IN .\Objects\delay.obj
COMPILER INVOKED BY: E:\keil\keil5\keil5 install\C51\BIN\C51.EXE ..\source\delay.c OPTIMIZE(8,SPEED) BROWSE DEBUG OBJECT
                    -EXTEND PRINT(.\Listings\delay.lst) OBJECT(.\Objects\delay.obj)

line level    source

   1          #include "delay.h"
   2          #include <intrins.h>
   3          void delayxms(unsigned int xms)
   4          {
   5   1      unsigned int i,j;
   6   1              for(i = xms;i>0;i--)
   7   1              {
   8   2                      for(j = 124;j>0;j--)
   9   2                      {}
  10   2              }
  11   1      }
  12          
  13          void Delay600us()               //@12.000MHz—” ±600us
  14          {
  15   1              unsigned char i, j;
  16   1      
  17   1              i = 2;
  18   1              j = 39;
  19   1              do
  20   1              {
  21   2                      while (--j);
  22   2              } while (--i);
  23   1      }
  24          void Delay60us()                //@12.000MHz
  25          {
  26   1              unsigned char i;
  27   1      
  28   1              _nop_();
  29   1              i = 27;
  30   1              while (--i);
  31   1      }


MODULE INFORMATION:   STATIC OVERLAYABLE
   CODE SIZE        =     45    ----
   CONSTANT SIZE    =   ----    ----
   XDATA SIZE       =   ----    ----
   PDATA SIZE       =   ----    ----
   DATA SIZE        =   ----    ----
   IDATA SIZE       =   ----    ----
   BIT SIZE         =   ----    ----
END OF MODULE INFORMATION.


C51 COMPILATION COMPLETE.  0 WARNING(S),  0 ERROR(S)
