C51 COMPILER V9.54   EEPROM                                                                06/26/2024 19:09:40 PAGE 1   


C51 COMPILER V9.54, COMPILATION OF MODULE EEPROM
OBJECT MODULE PLACED IN .\Objects\EEPROM.obj
COMPILER INVOKED BY: E:\keil\keil5\keil5 install\C51\BIN\C51.EXE ..\source\EEPROM.c OPTIMIZE(8,SPEED) BROWSE DEBUG OBJEC
                    -TEXTEND PRINT(.\Listings\EEPROM.lst) OBJECT(.\Objects\EEPROM.obj)

line level    source

   1          #include "EEPROM.h"
   2          
   3          /**************
   4          功能：读取器件地址为IC_Addr的器件内部字节地址addr中的数据
   5          *******************/
   6          unsigned char E2ReadByte(unsigned char IC_Addr,unsigned char addr)
   7          {
   8   1          unsigned char dat;
   9   1          I2CStart();
  10   1          I2CWriteByte(IC_Addr<<1); //器件寻址，执行写操作,从机应答在函数内部实现
  11   1          I2CWriteByte(addr); //写内部的字节地址，告诉器件要从哪个地方开始读数据
  12   1          I2CStart();
  13   1          I2CWriteByte((IC_Addr<<1) | 0x01); //后续操作为读操作，从地址addr读数据
  14   1          dat = I2CReadByte();  //从总线上读取数据
  15   1          SendAck(1); //主机只读一个字节，发not ack，发1，如果读取多个字节，发送0
  16   1          I2CStop();
  17   1          
  18   1          return dat;
  19   1      }


MODULE INFORMATION:   STATIC OVERLAYABLE
   CODE SIZE        =     51    ----
   CONSTANT SIZE    =   ----    ----
   XDATA SIZE       =   ----    ----
   PDATA SIZE       =   ----    ----
   DATA SIZE        =   ----       3
   IDATA SIZE       =   ----    ----
   BIT SIZE         =   ----    ----
END OF MODULE INFORMATION.


C51 COMPILATION COMPLETE.  0 WARNING(S),  0 ERROR(S)
