C51 COMPILER V9.01   MAIN                                                                  05/21/2022 00:35:57 PAGE 1   


C51 COMPILER V9.01, COMPILATION OF MODULE MAIN
OBJECT MODULE PLACED IN main.OBJ
COMPILER INVOKED BY: E:\keil\keil\keil install\C51\BIN\C51.EXE main.c BROWSE DEBUG OBJECTEXTEND

line level    source

   1          #include<reg51.h>
   2          
   3          void main()
   4          {
   5   1      //while(1)外面：定义变量，初始化特殊寄存器
   6   1              unsigned int i;
   7   1              while(1)
   8   1              {
   9   2                      i =20000;
  10   2                      P1 = 0x7e; //1111 1110 
  11   2                      //亮一会  延时
  12   2                      while(i--);
  13   2                      i = 20000;              
  14   2                      P1 = 0xff; //1111 1111
  15   2                      //灭一会  延时
  16   2                      while(i--);
  17   2                      
  18   2                      
  19   2              }
  20   1      }


MODULE INFORMATION:   STATIC OVERLAYABLE
   CODE SIZE        =     36    ----
   CONSTANT SIZE    =   ----    ----
   XDATA SIZE       =   ----    ----
   PDATA SIZE       =   ----    ----
   DATA SIZE        =   ----    ----
   IDATA SIZE       =   ----    ----
   BIT SIZE         =   ----    ----
END OF MODULE INFORMATION.


C51 COMPILATION COMPLETE.  0 WARNING(S),  0 ERROR(S)
