C51 COMPILER V9.54   MAIN                                                                  02/24/2023 22:07:04 PAGE 1   


C51 COMPILER V9.54, COMPILATION OF MODULE MAIN
OBJECT MODULE PLACED IN ..\output\main.obj
COMPILER INVOKED BY: E:\keil\keil5\keil5 install\C51\BIN\C51.EXE ..\source\main.c OPTIMIZE(8,SPEED) BROWSE DEBUG OBJECTE
                    -XTEND PRINT(..\listing\main.lst) OBJECT(..\output\main.obj)

line level    source

   1          #include <reg51.h>
   2          #include <intrins.h>
   3          #include "delay.h"
   4          
   5          void UartInit(void);
   6          unsigned char temp = 0x01;
   7          void main()
   8          {
   9   1          UartInit(); 
  10   1          while(1)
  11   1          {
  12   2              SBUF = temp; //工作方式1，10位异步串口通信 0 1000 1000 1
  13   2              while(!TI)  // 停止等待
  14   2              TI = 0;
  15   2              P1 = temp;
  16   2              temp = _crol_(temp,1);
  17   2              delayxms(1000);
  18   2          }  
  19   1      }
  20          
  21          void UartInit(void)     //4800bps@11.0592MHz   波特率的设置
  22          {
  23   1              SCON = 0x50;            
  24   1       //8位数据,可变波特率 SM0（高位） SM1 (设置工作方式）SM2（多机通信使能） REN（允许串行接收位）
  25   1       // TB8 RB8（配合工作3使用） TI(发送中断标志位) RI(接收中断标志位）
  26   1       // SM0 SM1 SM2 REN TB8 RB8 TI RI
  27   1       //  0   1   0   1   0   0   0  0 （0x50）
  28   1              TMOD &= 0x0F;           //清除定时器1模式位
  29   1              TMOD |= 0x20;           //设定定时器1（工作方式2）为8位自动重装方式  M0 M1 C/T GATE M0 M1 C/T GATE
  30   1              TL1 = 0xFA;             //设定定时初值                                   0  0   0   0   0  1  0   0
  31   1              TH1 = 0xFA;             //设定定时器重装值
  32   1              ET1 = 0;                //禁止定时器1中断
  33   1              TR1 = 1;                //启动定时器1
  34   1      }


MODULE INFORMATION:   STATIC OVERLAYABLE
   CODE SIZE        =     58    ----
   CONSTANT SIZE    =   ----    ----
   XDATA SIZE       =   ----    ----
   PDATA SIZE       =   ----    ----
   DATA SIZE        =      1    ----
   IDATA SIZE       =   ----    ----
   BIT SIZE         =   ----    ----
END OF MODULE INFORMATION.


C51 COMPILATION COMPLETE.  0 WARNING(S),  0 ERROR(S)
