C51 COMPILER V9.01   MAIN                                                                  02/21/2023 19:40:09 PAGE 1   


C51 COMPILER V9.01, COMPILATION OF MODULE MAIN
OBJECT MODULE PLACED IN ..\output\main.obj
COMPILER INVOKED BY: E:\keil\keil\keil install\C51\BIN\C51.EXE ..\source\main.c BROWSE DEBUG OBJECTEXTEND PRINT(..\listi
                    -ng\main.lst) OBJECT(..\output\main.obj)

line level    source

   1          #include<reg51.h>
   2          #include"display.h"
   3          
   4          unsigned int num;
   5          unsigned int timeCnt;
   6          void Timer0Init(void);
   7          void Timer1Init(void);
   8          void DIS_service();
   9          void main()
  10          {
  11   1              Timer0Init();
  12   1              Timer1Init();
  13   1              EA = 1;
  14   1              while(1)
  15   1              {       
  16   2                      DIS_service();
  17   2              }
  18   1      }
  19          
  20          void DIS_service()
  21          {
  22   1              LEDBuf[0] = num/1000;
  23   1              LEDBuf[1] = num/100%10;
  24   1              LEDBuf[2] = num/10%10;
  25   1              LEDBuf[3] = num%10;
  26   1      }
  27          
  28          void Timer0Init(void)           //1毫秒@11.0592MHz
  29          {
  30   1              
  31   1              TMOD &= 0xF0;           //设置定时器模式
  32   1              TMOD |= 0X01;
  33   1              TL0 = 0x66;             //设置定时初值
  34   1              TH0 = 0xFC;             //设置定时初值
  35   1              TF0 = 0;                //清除TF0标志
  36   1              TR0 = 1;                //定时器0开始计时
  37   1              ET0 = 1;
  38   1      }
  39          
  40          void Timer0_ISR(void) interrupt 1
  41          {       
  42   1              TR0 = 0;
  43   1              timeCnt++;
  44   1              if(timeCnt >= 1000) //1s时间到  适合高频，低频误差较大
  45   1              {
  46   2                      TR1 = 0;   //脉冲发生器关闭
  47   2                      timeCnt = 0;  //脉冲计数清0；
  48   2                      num = TH1*256+TL1; //高八位左移8位，取出计数脉冲 ，频率：1s中产生多少脉冲
  49   2                      TH1 = TL1 =0;  //将脉冲计数器中的值清零
  50   2                      TR1 = 1;        
  51   2              }
  52   1              Display();
  53   1              TL0 = 0x66;             //设置定时初值
  54   1              TH0 = 0xFC;
C51 COMPILER V9.01   MAIN                                                                  02/21/2023 19:40:09 PAGE 2   

  55   1              TR0 = 1;
  56   1      }
  57          void Timer1Init(void)
  58          {
  59   1              TMOD &= 0x0f;  //保留高四位，低四位清零
  60   1              TMOD |= 0x50;  //或上 0101 0000
  61   1              TL1 = 0;   //计数脉冲数
  62   1              TH1 = 0;
  63   1              TF1 = 0;
  64   1              TR1 = 1;
  65   1              ET1 = 1;
  66   1      }


MODULE INFORMATION:   STATIC OVERLAYABLE
   CODE SIZE        =    235    ----
   CONSTANT SIZE    =   ----    ----
   XDATA SIZE       =   ----    ----
   PDATA SIZE       =   ----    ----
   DATA SIZE        =      4    ----
   IDATA SIZE       =   ----    ----
   BIT SIZE         =   ----    ----
END OF MODULE INFORMATION.


C51 COMPILATION COMPLETE.  0 WARNING(S),  0 ERROR(S)
