C51 COMPILER V9.54   MAIN                                                                  03/05/2023 00:45:47 PAGE 1   


C51 COMPILER V9.54, COMPILATION OF MODULE MAIN
OBJECT MODULE PLACED IN ..\output\main.obj
COMPILER INVOKED BY: E:\keil\keil5\keil5 install\C51\BIN\C51.EXE ..\source\main.c OPTIMIZE(8,SPEED) BROWSE DEBUG OBJECTE
                    -XTEND PRINT(..\listing\main.lst) OBJECT(..\output\main.obj)

line level    source

   1          #include <reg51.h>
   2          #include "uart.h"
   3          
   4          sbit LED1 = P1^0;
   5          sbit LED2 = P1^1;
   6          sbit LED3 = P1^2;
   7          sbit LED4 = P1^3;
   8          void main()
   9          {
  10   1          UartInit();
  11   1              printf("Wait for Serial Communication Test Start.\r\n");
  12   1              printf("Please Send a command:\r\n");
  13   1          while(1)
  14   1          {
  15   2              if(rev_flag)
  16   2                      {
  17   3                              rev_flag = 0;
  18   3                              switch(rev_data)
  19   3                              {
  20   4                                      case 0x01: P1 = 0xfe; break;
  21   4                                      case 0x02: P1 = 0xfd; break;
  22   4                                      case 0x03: P1 = 0xfb; break;
  23   4                                      case 0x04: P1 = 0xf7; break;
  24   4                                      default: break;
  25   4                              }
  26   3                              
  27   3                      }
  28   2          }
  29   1      
  30   1      }


MODULE INFORMATION:   STATIC OVERLAYABLE
   CODE SIZE        =     64    ----
   CONSTANT SIZE    =     69    ----
   XDATA SIZE       =   ----    ----
   PDATA SIZE       =   ----    ----
   DATA SIZE        =   ----    ----
   IDATA SIZE       =   ----    ----
   BIT SIZE         =   ----    ----
END OF MODULE INFORMATION.


C51 COMPILATION COMPLETE.  0 WARNING(S),  0 ERROR(S)
