C51 COMPILER V9.54   MAIN                                                                  04/19/2023 22:36:30 PAGE 1   


C51 COMPILER V9.54, COMPILATION OF MODULE MAIN
OBJECT MODULE PLACED IN .\Objects\main.obj
COMPILER INVOKED BY: E:\keil\keil5\keil5 install\C51\BIN\C51.EXE ..\source\main.c OPTIMIZE(8,SPEED) BROWSE DEBUG OBJECTE
                    -XTEND PRINT(.\Listings\main.lst) OBJECT(.\Objects\main.obj)

line level    source

   1          #include <reg51.h>
   2          #include "LCD1602.h"
   3          #include "delay.h"
   4          #include <stdio.h>
   5          
   6          void StartMenu();
   7          void main()
   8          {
   9   1          LCDInit();
  10   1          delayxms(10);
  11   1          StartMenu();
  12   1          while(1)
  13   1          {
  14   2      
  15   2          }
  16   1      }
  17          
  18          void StartMenu()
  19          {
  20   1          LCDShowStr(2,0,"The DAS of TEMP");
  21   1          LCDShowStr(5,1,"V1.0");
  22   1      
  23   1      }


MODULE INFORMATION:   STATIC OVERLAYABLE
   CODE SIZE        =     41    ----
   CONSTANT SIZE    =     21    ----
   XDATA SIZE       =   ----    ----
   PDATA SIZE       =   ----    ----
   DATA SIZE        =   ----    ----
   IDATA SIZE       =   ----    ----
   BIT SIZE         =   ----    ----
END OF MODULE INFORMATION.


C51 COMPILATION COMPLETE.  0 WARNING(S),  0 ERROR(S)
