C51 COMPILER V9.54   MAIN                                                                  03/04/2023 23:50:49 PAGE 1   


C51 COMPILER V9.54, COMPILATION OF MODULE MAIN
OBJECT MODULE PLACED IN .\Objects\main.obj
COMPILER INVOKED BY: E:\keil\keil5\keil5 install\C51\BIN\C51.EXE ..\source\main.c OPTIMIZE(8,SPEED) BROWSE DEBUG OBJECTE
                    -XTEND PRINT(.\Listings\main.lst) OBJECT(.\Objects\main.obj)

line level    source

   1          #include <reg51.h>
   2          #include "uart.h"
   3          
   4          void main()
   5          {
   6   1          UartInit();
   7   1              printf("Wait for Serial Communication Test Start.\r\n");
   8   1              printf("Please Send a Frame of data:\r\n");
   9   1          while(1)
  10   1          {
  11   2              if(rev_flag)
  12   2                      {
  13   3                              rev_flag = 0;
  14   3                              rev_data = rev_data+1;
  15   3                              sendByte(rev_data);
  16   3                      }
  17   2          }
  18   1      
  19   1      }


MODULE INFORMATION:   STATIC OVERLAYABLE
   CODE SIZE        =     37    ----
   CONSTANT SIZE    =     75    ----
   XDATA SIZE       =   ----    ----
   PDATA SIZE       =   ----    ----
   DATA SIZE        =      2    ----
   IDATA SIZE       =   ----    ----
   BIT SIZE         =   ----    ----
END OF MODULE INFORMATION.


C51 COMPILATION COMPLETE.  0 WARNING(S),  0 ERROR(S)
