C51 COMPILER V9.01   MAIN                                                                  05/23/2022 21:28:59 PAGE 1   


C51 COMPILER V9.01, COMPILATION OF MODULE MAIN
OBJECT MODULE PLACED IN ..\output\main.obj
COMPILER INVOKED BY: E:\keil\keil\keil install\C51\BIN\C51.EXE ..\source\main.c BROWSE DEBUG OBJECTEXTEND PRINT(..\listi
                    -ng\main.lst) OBJECT(..\output\main.obj)

line level    source

   1          #include<reg51.h>
   2          #include"delay.h"
   3          
   4          
   5          void main()
   6          {
   7   1      
   8   1              while(1)
   9   1              {
  10   2              
  11   2              unsigned char temp = 0x1;
  12   2              unsigned char i = 0;
  13   2                      for(i;i<8;i++)
  14   2                      {
  15   3                              P1 = ~(temp << i);
  16   3                              delayxms(500);
  17   3                              //temp = temp << 1;
  18   3                       }
  19   2              }
  20   1      }


MODULE INFORMATION:   STATIC OVERLAYABLE
   CODE SIZE        =     40    ----
   CONSTANT SIZE    =   ----    ----
   XDATA SIZE       =   ----    ----
   PDATA SIZE       =   ----    ----
   DATA SIZE        =   ----       2
   IDATA SIZE       =   ----    ----
   BIT SIZE         =   ----    ----
END OF MODULE INFORMATION.


C51 COMPILATION COMPLETE.  0 WARNING(S),  0 ERROR(S)
